Log file open, 06/24/19 22:45:33
LogConsoleResponse: Display: Failed to find resolution value strings in scalability ini. Falling back to default.
LogInit: Display: Running engine for game: ReBots
LogPakFile: Registered encryption key '00000000000000000000000000000000': 0 pak files mounted, 0 remain pending
LogPlatformFile: Not using cached read wrapper
LogTaskGraph: Started task graph with 5 named threads and 14 total threads with 3 sets of task threads.
LogStats: Stats thread started at 0.062309
LogICUInternationalization: ICU TimeZone Detection - Raw Offset: +0:00, Platform Override: ''
LogPluginManager: Mounting plugin AlembicImporter
LogPluginManager: Mounting plugin SkeletalReduction
LogPluginManager: Mounting plugin ProxyLODPlugin
LogPluginManager: Mounting plugin BackChannel
LogPluginManager: Mounting plugin GeometryCache
LogPluginManager: Mounting plugin AppleImageUtils
LogPluginManager: Mounting plugin HTML5Networking
LogPluginManager: Mounting plugin CharacterAI
LogPluginManager: Mounting plugin AppleVision
LogPluginManager: Mounting plugin VisualStudioSourceCodeAccess
LogPluginManager: Mounting plugin VisualStudioCodeSourceCodeAccess
LogPluginManager: Mounting plugin CLionSourceCodeAccess
LogPluginManager: Mounting plugin AnimationSharing
LogPluginManager: Mounting plugin KDevelopSourceCodeAccess
LogPluginManager: Mounting plugin PerforceSourceControl
LogPluginManager: Mounting plugin ActorLayerUtilities
LogPluginManager: Mounting plugin SubversionSourceControl
LogPluginManager: Mounting plugin GitSourceControl
LogPluginManager: Mounting plugin XCodeSourceCodeAccess
LogPluginManager: Mounting plugin CodeLiteSourceCodeAccess
LogPluginManager: Mounting plugin NullSourceCodeAccess
LogPluginManager: Mounting plugin UObjectPlugin
LogPluginManager: Mounting plugin UdpMessaging
LogPluginManager: Mounting plugin TcpMessaging
LogPluginManager: Mounting plugin WindowsMoviePlayer
LogPluginManager: Mounting plugin LinuxDeviceProfileSelector
LogPluginManager: Mounting plugin WebMMoviePlayer
LogPluginManager: Mounting plugin Firebase
LogPluginManager: Mounting plugin ArchVisCharacter
LogPluginManager: Mounting plugin EditableMesh
LogPluginManager: Mounting plugin AndroidPermission
LogPluginManager: Mounting plugin OculusVR
LogPluginManager: Mounting plugin AudioCapture
LogPluginManager: Mounting plugin GoogleCloudMessaging
LogPluginManager: Mounting plugin IOSDeviceProfileSelector
LogPluginManager: Mounting plugin AndroidMoviePlayer
LogPluginManager: Mounting plugin CustomMeshComponent
LogPluginManager: Mounting plugin AndroidDeviceProfileSelector
LogPluginManager: Mounting plugin RuntimePhysXCooking
LogPluginManager: Mounting plugin AppleMoviePlayer
LogPluginManager: Mounting plugin PhysXVehicles
LogPluginManager: Mounting plugin ProceduralMeshComponent
LogPluginManager: Mounting plugin LocationServicesBPLibrary
LogPluginManager: Mounting plugin SignificanceManager
LogPluginManager: Mounting plugin SteamVR
LogPluginManager: Mounting plugin ExampleDeviceProfileSelector
LogPluginManager: Mounting plugin CableComponent
LogPluginManager: Mounting plugin MobilePatchingUtils
LogPluginManager: Mounting plugin WebMMedia
LogPluginManager: Mounting plugin WmfMedia
LogPluginManager: Mounting plugin MediaCompositing
LogPluginManager: Mounting plugin AndroidMedia
LogPluginManager: Mounting plugin ImgMedia
LogPluginManager: Mounting plugin MediaPlayerEditor
LogPluginManager: Mounting plugin LinearTimecode
LogPluginManager: Mounting plugin AvfMedia
LogPluginManager: Mounting plugin LauncherChunkInstaller
LogPluginManager: Mounting plugin DatasmithContent
LogPluginManager: Mounting plugin VariantManagerContent
LogPluginManager: Mounting plugin LevelSequenceEditor
LogPluginManager: Mounting plugin ActorSequence
LogPluginManager: Mounting plugin MatineeToLevelSequence
LogPluginManager: Mounting plugin LightPropagationVolume
LogPluginManager: Mounting plugin PluginBrowser
LogPluginManager: Mounting plugin MacGraphicsSwitching
LogPluginManager: Mounting plugin MobileLauncherProfileWizard
LogPluginManager: Mounting plugin GameplayTagsEditor
LogPluginManager: Mounting plugin MaterialAnalyzer
LogPluginManager: Mounting plugin SpeedTreeImporter
LogPluginManager: Mounting plugin AssetManagerEditor
LogPluginManager: Mounting plugin CryptoKeys
LogPluginManager: Mounting plugin FacialAnimation
LogPluginManager: Mounting plugin DataValidation
LogPluginManager: Mounting plugin Paper2D
LogPluginManager: Mounting plugin OnlineSubsystemGooglePlay
LogPluginManager: Mounting plugin OnlineSubsystem
LogPluginManager: Mounting plugin OnlineSubsystemIOS
LogPluginManager: Mounting plugin OnlineSubsystemNull
LogPluginManager: Mounting plugin OnlineSubsystemUtils
LogPluginManager: Mounting plugin NUTUnrealEngine4
LogPluginManager: Mounting plugin NetcodeUnitTest
LogPluginManager: Mounting plugin AISupport
LogPluginManager: Mounting plugin MagicLeap
LogPluginManager: Mounting plugin MagicLeapMedia
LogInit: Using libcurl 7.48.0-DEV
LogInit:  - built for x86_64-unknown-linux-gnu
LogInit:  - supports SSL with OpenSSL/1.0.2h
LogInit:  - supports HTTP deflate (compression) using libz 1.2.8
LogInit:  - other features:
LogInit:      CURL_VERSION_SSL
LogInit:      CURL_VERSION_LIBZ
LogInit:      CURL_VERSION_IPV6
LogInit:      CURL_VERSION_ASYNCHDNS
LogInit:      CURL_VERSION_LARGEFILE
LogInit:      CURL_VERSION_TLSAUTH_SRP
LogInit:  CurlRequestOptions (configurable via config and command line):
LogInit:  - bVerifyPeer = true  - Libcurl will verify peer certificate
LogInit:  - bUseHttpProxy = false  - Libcurl will NOT use HTTP proxy
LogInit:  - bDontReuseConnections = false  - Libcurl will reuse connections
LogInit:  - MaxHostConnections = 16  - Libcurl will limit the number of connections to a host
LogInit:  - LocalHostAddr = Default
LogInit:  - BufferSize = 65536
LogInit: Build: ++UE4+Release-4.22-CL-0
LogInit: Engine Version: 4.22.2-0+++UE4+Release-4.22
LogInit: Compatible Engine Version: 4.22.0-0+++UE4+Release-4.22
LogInit: Net CL: 0
LogInit: OS: GenericOSVersionLabel (GenericOSSubVersionLabel), CPU: Intel(R) Core(TM) i7-7700HQ CPU @ 2.80GHz, GPU: GenericGPUBrand
LogInit: Compiled (64-bit): May 30 2019 17:28:18
LogInit: Compiled with Clang: 7.0.1 (tags/RELEASE_701/final)
LogInit: Build Configuration: Development
LogInit: Branch Name: ++UE4+Release-4.22
LogInit: Command Line: 
LogInit: Base Directory: /home/afayed/UnrealEngine4.22/Engine/Binaries/Linux/
LogInit: Installed Engine Build: 0
LogDevObjectVersion: Number of dev versions registered: 23
LogDevObjectVersion:   Dev-Blueprints (B0D832E4-1F89-4F0D-ACCF-7EB736FD4AA2): 10
LogDevObjectVersion:   Dev-Build (E1C64328-A22C-4D53-A36C-8E866417BD8C): 0
LogDevObjectVersion:   Dev-Core (375EC13C-06E4-48FB-B500-84F0262A717E): 3
LogDevObjectVersion:   Dev-Editor (E4B068ED-F494-42E9-A231-DA0B2E46BB41): 30
LogDevObjectVersion:   Dev-Framework (CFFC743F-43B0-4480-9391-14DF171D2073): 35
LogDevObjectVersion:   Dev-Mobile (B02B49B5-BB20-44E9-A304-32B752E40360): 2
LogDevObjectVersion:   Dev-Networking (A4E4105C-59A1-49B5-A7C5-40C4547EDFEE): 0
LogDevObjectVersion:   Dev-Online (39C831C9-5AE6-47DC-9A44-9C173E1C8E7C): 0
LogDevObjectVersion:   Dev-Physics (78F01B33-EBEA-4F98-B9B4-84EACCB95AA2): 0
LogDevObjectVersion:   Dev-Platform (6631380F-2D4D-43E0-8009-CF276956A95A): 0
LogDevObjectVersion:   Dev-Rendering (12F88B9F-8875-4AFC-A67C-D90C383ABD29): 28
LogDevObjectVersion:   Dev-Sequencer (7B5AE74C-D270-4C10-A958-57980B212A5A): 11
LogDevObjectVersion:   Dev-VR (D7296918-1DD6-4BDD-9DE2-64A83CC13884): 2
LogDevObjectVersion:   Dev-LoadTimes (C2A15278-BFE7-4AFE-6C17-90FF531DF755): 1
LogDevObjectVersion:   Private-Geometry (6EACA3D4-40EC-4CC1-B786-8BED09428FC5): 3
LogDevObjectVersion:   Dev-AnimPhys (29E575DD-E0A3-4627-9D10-D276232CDCEA): 17
LogDevObjectVersion:   Dev-Anim (AF43A65D-7FD3-4947-9873-3E8ED9C1BB05): 2
LogDevObjectVersion:   Dev-ReflectionCapture (6B266CEC-1EC7-4B8F-A30B-E4D90942FC07): 1
LogDevObjectVersion:   Dev-Automation (0DF73D61-A23F-47EA-B727-89E90C41499A): 1
LogDevObjectVersion:   FortniteMain (601D1886-AC64-4F84-AA16-D3DE0DEAC7D6): 25
LogDevObjectVersion:   Dev-Enterprise (9DFFBCD6-494F-0158-E221-12823C92A888): 6
LogDevObjectVersion:   Dev-Niagara (F2AED0AC-9AFE-416F-8664-AA7FFA26D6FC): 1
LogDevObjectVersion:   Dev-Destruction (174F1F0B-B4C6-45A5-B13F-2EE8D0FB917D): 2
LogInit: Presizing for max 16777216 objects, including 0 objects not considered by GC, pre-allocating 0 bytes for permanent pool.
LogInit: Object subsystem initialized
LogConfig: Setting CVar [[con.DebugEarlyDefault:1]]
LogConfig: Setting CVar [[r.setres:1280x720]]
[2019.06.25-05.45.34:570][  0]LogConfig: Setting CVar [[r.VSync:0]]
[2019.06.25-05.45.34:570][  0]LogConfig: Setting CVar [[r.RHICmdBypass:1]]
[2019.06.25-05.45.34:570][  0]LogConfig: Applying CVar settings from Section [/Script/Engine.RendererSettings] File [/home/afayed/Documents/Unreal Projects/ReMod3D/Saved/Config/Linux/Engine.ini]
[2019.06.25-05.45.34:570][  0]LogConfig: Setting CVar [[r.GPUCrashDebugging:1]]
[2019.06.25-05.45.34:570][  0]LogConfig: Setting CVar [[r.MobileHDR:1]]
[2019.06.25-05.45.34:570][  0]LogConfig: Setting CVar [[r.Mobile.DisableVertexFog:1]]
[2019.06.25-05.45.34:570][  0]LogConfig: Setting CVar [[r.Shadow.CSM.MaxMobileCascades:2]]
[2019.06.25-05.45.34:570][  0]LogConfig: Setting CVar [[r.MobileMSAA:1]]
[2019.06.25-05.45.34:570][  0]LogConfig: Setting CVar [[r.DiscardUnusedQuality:0]]
[2019.06.25-05.45.34:570][  0]LogConfig: Setting CVar [[r.AllowOcclusionQueries:1]]
[2019.06.25-05.45.34:570][  0]LogConfig: Setting CVar [[r.MinScreenRadiusForLights:0.030000]]
[2019.06.25-05.45.34:570][  0]LogConfig: Setting CVar [[r.MinScreenRadiusForDepthPrepass:0.030000]]
[2019.06.25-05.45.34:570][  0]LogConfig: Setting CVar [[r.MinScreenRadiusForCSMDepth:0.010000]]
[2019.06.25-05.45.34:570][  0]LogConfig: Setting CVar [[r.PrecomputedVisibilityWarning:0]]
[2019.06.25-05.45.34:570][  0]LogConfig: Setting CVar [[r.TextureStreaming:1]]
[2019.06.25-05.45.34:570][  0]LogConfig: Setting CVar [[Compat.UseDXT5NormalMaps:0]]
[2019.06.25-05.45.34:570][  0]LogConfig: Setting CVar [[r.ClearCoatNormal:0]]
[2019.06.25-05.45.34:570][  0]LogConfig: Setting CVar [[r.ReflectionCaptureResolution:128]]
[2019.06.25-05.45.34:570][  0]LogConfig: Setting CVar [[r.ReflectionEnvironmentLightmapMixBasedOnRoughness:1]]
[2019.06.25-05.45.34:570][  0]LogConfig: Setting CVar [[r.ForwardShading:0]]
[2019.06.25-05.45.34:571][  0]LogConfig: Setting CVar [[r.VertexFoggingForOpaque:1]]
[2019.06.25-05.45.34:571][  0]LogConfig: Setting CVar [[r.AllowStaticLighting:1]]
[2019.06.25-05.45.34:571][  0]LogConfig: Setting CVar [[r.NormalMapsForStaticLighting:0]]
[2019.06.25-05.45.34:571][  0]LogConfig: Setting CVar [[r.GenerateMeshDistanceFields:0]]
[2019.06.25-05.45.34:571][  0]LogConfig: Setting CVar [[r.DistanceFieldBuild.EightBit:0]]
[2019.06.25-05.45.34:571][  0]LogConfig: Setting CVar [[r.GenerateLandscapeGIData:0]]
[2019.06.25-05.45.34:571][  0]LogConfig: Setting CVar [[r.DistanceFieldBuild.Compress:0]]
[2019.06.25-05.45.34:571][  0]LogConfig: Setting CVar [[r.TessellationAdaptivePixelsPerTriangle:48.000000]]
[2019.06.25-05.45.34:571][  0]LogConfig: Setting CVar [[r.SeparateTranslucency:1]]
[2019.06.25-05.45.34:571][  0]LogConfig: Setting CVar [[r.TranslucentSortPolicy:0]]
[2019.06.25-05.45.34:571][  0]LogConfig: Setting CVar [[r.CustomDepth:1]]
[2019.06.25-05.45.34:571][  0]LogConfig: Setting CVar [[r.CustomDepthTemporalAAJitter:1]]
[2019.06.25-05.45.34:571][  0]LogConfig: Setting CVar [[r.PostProcessing.PropagateAlpha:0]]
[2019.06.25-05.45.34:571][  0]LogConfig: Setting CVar [[r.UsePreExposure:0]]
[2019.06.25-05.45.34:571][  0]LogConfig: Setting CVar [[r.DefaultFeature.Bloom:1]]
[2019.06.25-05.45.34:571][  0]LogConfig: Setting CVar [[r.DefaultFeature.AmbientOcclusion:1]]
[2019.06.25-05.45.34:571][  0]LogConfig: Setting CVar [[r.DefaultFeature.AmbientOcclusionStaticFraction:1]]
[2019.06.25-05.45.34:571][  0]LogConfig: Setting CVar [[r.DefaultFeature.AutoExposure:0]]
[2019.06.25-05.45.34:571][  0]LogConfig: Setting CVar [[r.DefaultFeature.AutoExposure.Method:0]]
[2019.06.25-05.45.34:571][  0]LogConfig: Setting CVar [[r.DefaultFeature.MotionBlur:0]]
[2019.06.25-05.45.34:571][  0]LogConfig: Setting CVar [[r.DefaultFeature.LensFlare:0]]
[2019.06.25-05.45.34:571][  0]LogConfig: Setting CVar [[r.TemporalAA.Upsampling:0]]
[2019.06.25-05.45.34:571][  0]LogConfig: Setting CVar [[r.DefaultFeature.AntiAliasing:0]]
[2019.06.25-05.45.34:571][  0]LogConfig: Setting CVar [[r.Shadow.UnbuiltPreviewInGame:1]]
[2019.06.25-05.45.34:571][  0]LogConfig: Setting CVar [[r.StencilForLODDither:0]]
[2019.06.25-05.45.34:571][  0]LogConfig: Setting CVar [[r.EarlyZPass:3]]
[2019.06.25-05.45.34:571][  0]LogConfig: Setting CVar [[r.EarlyZPassOnlyMaterialMasking:0]]
[2019.06.25-05.45.34:571][  0]LogConfig: Setting CVar [[r.DBuffer:1]]
[2019.06.25-05.45.34:571][  0]LogConfig: Setting CVar [[r.ClearSceneMethod:1]]
[2019.06.25-05.45.34:571][  0]LogConfig: Setting CVar [[r.BasePassOutputsVelocity:0]]
[2019.06.25-05.45.34:571][  0]LogConfig: Setting CVar [[r.SelectiveBasePassOutputs:0]]
[2019.06.25-05.45.34:571][  0]LogConfig: Setting CVar [[r.AllowGlobalClipPlane:0]]
[2019.06.25-05.45.34:571][  0]LogConfig: Setting CVar [[r.GBufferFormat:1]]
[2019.06.25-05.45.34:571][  0]LogConfig: Setting CVar [[r.MorphTarget.Mode:1]]
[2019.06.25-05.45.34:571][  0]LogConfig: Setting CVar [[vr.InstancedStereo:0]]
[2019.06.25-05.45.34:571][  0]LogConfig: Setting CVar [[vr.MultiView:0]]
[2019.06.25-05.45.34:571][  0]LogConfig: Setting CVar [[vr.MobileMultiView:0]]
[2019.06.25-05.45.34:571][  0]LogConfig: Setting CVar [[vr.MobileMultiView.Direct:0]]
[2019.06.25-05.45.34:571][  0]LogConfig: Setting CVar [[r.WireframeCullThreshold:5.000000]]
[2019.06.25-05.45.34:571][  0]LogConfig: Setting CVar [[r.SupportStationarySkylight:1]]
[2019.06.25-05.45.34:571][  0]LogConfig: Setting CVar [[r.SupportLowQualityLightmaps:1]]
[2019.06.25-05.45.34:571][  0]LogConfig: Setting CVar [[r.SupportPointLightWholeSceneShadows:1]]
[2019.06.25-05.45.34:571][  0]LogConfig: Setting CVar [[r.SupportAtmosphericFog:1]]
[2019.06.25-05.45.34:571][  0]LogConfig: Setting CVar [[r.SkinCache.CompileShaders:0]]
[2019.06.25-05.45.34:571][  0]LogConfig: Setting CVar [[r.Mobile.EnableStaticAndCSMShadowReceivers:1]]
[2019.06.25-05.45.34:571][  0]LogConfig: Setting CVar [[r.Mobile.EnableMovableLightCSMShaderCulling:1]]
[2019.06.25-05.45.34:571][  0]LogConfig: Setting CVar [[r.Mobile.AllowDistanceFieldShadows:1]]
[2019.06.25-05.45.34:571][  0]LogConfig: Setting CVar [[r.Mobile.AllowMovableDirectionalLights:1]]
[2019.06.25-05.45.34:571][  0]LogConfig: Setting CVar [[r.MobileNumDynamicPointLights:4]]
[2019.06.25-05.45.34:571][  0]LogConfig: Setting CVar [[r.MobileDynamicPointLightsUseStaticBranch:1]]
[2019.06.25-05.45.34:571][  0]LogConfig: Setting CVar [[r.SkinCache.SceneMemoryLimitInMB:128.000000]]
[2019.06.25-05.45.34:571][  0]LogConfig: Setting CVar [[r.GPUSkin.Limit2BoneInfluences:0]]
[2019.06.25-05.45.34:571][  0]LogConfig: Setting CVar [[r.SupportDepthOnlyIndexBuffers:1]]
[2019.06.25-05.45.34:571][  0]LogConfig: Setting CVar [[r.SupportReversedIndexBuffers:1]]
[2019.06.25-05.45.34:571][  0]LogConfig: Setting CVar [[r.SupportMaterialLayers:0]]
[2019.06.25-05.45.34:571][  0]LogConfig: Applying CVar settings from Section [/Script/Engine.RendererOverrideSettings] File [/home/afayed/Documents/Unreal Projects/ReMod3D/Saved/Config/Linux/Engine.ini]
[2019.06.25-05.45.34:571][  0]LogConfig: Applying CVar settings from Section [/Script/Engine.StreamingSettings] File [/home/afayed/Documents/Unreal Projects/ReMod3D/Saved/Config/Linux/Engine.ini]
[2019.06.25-05.45.34:571][  0]LogConfig: Setting CVar [[s.MinBulkDataSizeForAsyncLoading:131072]]
[2019.06.25-05.45.34:571][  0]LogConfig: Setting CVar [[s.AsyncLoadingThreadEnabled:0]]
[2019.06.25-05.45.34:571][  0]LogConfig: Setting CVar [[s.EventDrivenLoaderEnabled:1]]
[2019.06.25-05.45.34:571][  0]LogConfig: Setting CVar [[s.WarnIfTimeLimitExceeded:0]]
[2019.06.25-05.45.34:571][  0]LogConfig: Setting CVar [[s.TimeLimitExceededMultiplier:1.5]]
[2019.06.25-05.45.34:571][  0]LogConfig: Setting CVar [[s.TimeLimitExceededMinTime:0.005]]
[2019.06.25-05.45.34:571][  0]LogConfig: Setting CVar [[s.UseBackgroundLevelStreaming:1]]
[2019.06.25-05.45.34:571][  0]LogConfig: Setting CVar [[s.PriorityAsyncLoadingExtraTime:15.0]]
[2019.06.25-05.45.34:571][  0]LogConfig: Setting CVar [[s.LevelStreamingActorsUpdateTimeLimit:5.0]]
[2019.06.25-05.45.34:571][  0]LogConfig: Setting CVar [[s.PriorityLevelStreamingActorsUpdateExtraTime:5.0]]
[2019.06.25-05.45.34:571][  0]LogConfig: Setting CVar [[s.LevelStreamingComponentsRegistrationGranularity:10]]
[2019.06.25-05.45.34:571][  0]LogConfig: Setting CVar [[s.UnregisterComponentsTimeLimit:1.0]]
[2019.06.25-05.45.34:571][  0]LogConfig: Setting CVar [[s.LevelStreamingComponentsUnregistrationGranularity:5]]
[2019.06.25-05.45.34:571][  0]LogConfig: Applying CVar settings from Section [/Script/Engine.GarbageCollectionSettings] File [/home/afayed/Documents/Unreal Projects/ReMod3D/Saved/Config/Linux/Engine.ini]
[2019.06.25-05.45.34:571][  0]LogConfig: Setting CVar [[gc.MaxObjectsNotConsideredByGC:1]]
[2019.06.25-05.45.34:571][  0]LogConfig: Setting CVar [[gc.SizeOfPermanentObjectPool:0]]
[2019.06.25-05.45.34:571][  0]LogConfig: Setting CVar [[gc.FlushStreamingOnGC:0]]
[2019.06.25-05.45.34:571][  0]LogConfig: Setting CVar [[gc.NumRetriesBeforeForcingGC:10]]
[2019.06.25-05.45.34:571][  0]LogConfig: Setting CVar [[gc.AllowParallelGC:1]]
[2019.06.25-05.45.34:571][  0]LogConfig: Setting CVar [[gc.TimeBetweenPurgingPendingKillObjects:61.1]]
[2019.06.25-05.45.34:571][  0]LogConfig: Setting CVar [[gc.MaxObjectsInEditor:16777216]]
[2019.06.25-05.45.34:571][  0]LogConfig: Setting CVar [[gc.IncrementalBeginDestroyEnabled:1]]
[2019.06.25-05.45.34:571][  0]LogConfig: Setting CVar [[gc.CreateGCClusters:1]]
[2019.06.25-05.45.34:571][  0]LogConfig: Setting CVar [[gc.MinGCClusterSize:5]]
[2019.06.25-05.45.34:571][  0]LogConfig: Setting CVar [[gc.ActorClusteringEnabled:0]]
[2019.06.25-05.45.34:571][  0]LogConfig: Setting CVar [[gc.BlueprintClusteringEnabled:0]]
[2019.06.25-05.45.34:571][  0]LogConfig: Setting CVar [[gc.UseDisregardForGCOnDedicatedServers:0]]
[2019.06.25-05.45.34:571][  0]LogConfig: Applying CVar settings from Section [/Script/Engine.NetworkSettings] File [/home/afayed/Documents/Unreal Projects/ReMod3D/Saved/Config/Linux/Engine.ini]
[2019.06.25-05.45.34:571][  0]LogConfig: Applying CVar settings from Section [/Script/UnrealEd.CookerSettings] File [/home/afayed/Documents/Unreal Projects/ReMod3D/Saved/Config/Linux/Engine.ini]
[2019.06.25-05.45.34:572][  0]LogInit: Initializing SDL.
[2019.06.25-05.45.34:658][  0]LogInit: Initialized SDL 2.0.8 revision: 11184 (hg-12121:4358e537000a with EpicExtensions) (compiled against 2.0.8)
[2019.06.25-05.45.34:658][  0]LogInit: Using SDL video driver 'x11'
[2019.06.25-05.45.34:659][  0]LogInit: Display metrics:
[2019.06.25-05.45.34:659][  0]LogInit:   PrimaryDisplayWidth: 1920
[2019.06.25-05.45.34:659][  0]LogInit:   PrimaryDisplayHeight: 1080
[2019.06.25-05.45.34:659][  0]LogInit:   PrimaryDisplayWorkAreaRect:
[2019.06.25-05.45.34:659][  0]LogInit:     Left=65, Top=24, Right=1920, Bottom=1080
[2019.06.25-05.45.34:659][  0]LogInit:   VirtualDisplayRect:
[2019.06.25-05.45.34:659][  0]LogInit:     Left=65, Top=24, Right=1920, Bottom=1080
[2019.06.25-05.45.34:659][  0]LogInit:   TitleSafePaddingSize: X=0.000 Y=0.000 Z=0.000 W=0.000
[2019.06.25-05.45.34:659][  0]LogInit:   ActionSafePaddingSize: X=0.000 Y=0.000 Z=0.000 W=0.000
[2019.06.25-05.45.34:659][  0]LogInit:   Number of monitors: 1
[2019.06.25-05.45.34:659][  0]LogInit:     Monitor 0
[2019.06.25-05.45.34:659][  0]LogInit:       Name: 0
[2019.06.25-05.45.34:659][  0]LogInit:       ID: display0
[2019.06.25-05.45.34:659][  0]LogInit:       NativeWidth: 1920
[2019.06.25-05.45.34:659][  0]LogInit:       NativeHeight: 1080
[2019.06.25-05.45.34:659][  0]LogInit:       bIsPrimary: true
[2019.06.25-05.45.34:659][  0]LogConfig: Applying CVar settings from Section [ViewDistanceQuality@3] File [/home/afayed/Documents/Unreal Projects/ReMod3D/Saved/Config/Linux/Scalability.ini]
[2019.06.25-05.45.34:659][  0]LogConfig: Setting CVar [[r.SkeletalMeshLODBias:0]]
[2019.06.25-05.45.34:659][  0]LogConfig: Setting CVar [[r.ViewDistanceScale:1.0]]
[2019.06.25-05.45.34:659][  0]LogConfig: Applying CVar settings from Section [AntiAliasingQuality@3] File [/home/afayed/Documents/Unreal Projects/ReMod3D/Saved/Config/Linux/Scalability.ini]
[2019.06.25-05.45.34:659][  0]LogConfig: Setting CVar [[r.PostProcessAAQuality:4]]
[2019.06.25-05.45.34:659][  0]LogConfig: Applying CVar settings from Section [ShadowQuality@3] File [/home/afayed/Documents/Unreal Projects/ReMod3D/Saved/Config/Linux/Scalability.ini]
[2019.06.25-05.45.34:659][  0]LogConfig: Setting CVar [[r.LightFunctionQuality:1]]
[2019.06.25-05.45.34:659][  0]LogConfig: Setting CVar [[r.ShadowQuality:5]]
[2019.06.25-05.45.34:659][  0]LogConfig: Setting CVar [[r.Shadow.CSM.MaxCascades:10]]
[2019.06.25-05.45.34:659][  0]LogConfig: Setting CVar [[r.Shadow.MaxResolution:2048]]
[2019.06.25-05.45.34:659][  0]LogConfig: Setting CVar [[r.Shadow.MaxCSMResolution:2048]]
[2019.06.25-05.45.34:659][  0]LogConfig: Setting CVar [[r.Shadow.RadiusThreshold:0.01]]
[2019.06.25-05.45.34:659][  0]LogConfig: Setting CVar [[r.Shadow.DistanceScale:1.0]]
[2019.06.25-05.45.34:659][  0]LogConfig: Setting CVar [[r.Shadow.CSM.TransitionScale:1.0]]
[2019.06.25-05.45.34:659][  0]LogConfig: Setting CVar [[r.Shadow.PreShadowResolutionFactor:1.0]]
[2019.06.25-05.45.34:659][  0]LogConfig: Setting CVar [[r.DistanceFieldShadowing:1]]
[2019.06.25-05.45.34:659][  0]LogConfig: Setting CVar [[r.DistanceFieldAO:1]]
[2019.06.25-05.45.34:659][  0]LogConfig: Setting CVar [[r.AOQuality:2]]
[2019.06.25-05.45.34:659][  0]LogConfig: Setting CVar [[r.VolumetricFog:1]]
[2019.06.25-05.45.34:659][  0]LogConfig: Setting CVar [[r.VolumetricFog.GridPixelSize:8]]
[2019.06.25-05.45.34:659][  0]LogConfig: Setting CVar [[r.VolumetricFog.GridSizeZ:128]]
[2019.06.25-05.45.34:659][  0]LogConfig: Setting CVar [[r.VolumetricFog.HistoryMissSupersampleCount:4]]
[2019.06.25-05.45.34:659][  0]LogConfig: Setting CVar [[r.LightMaxDrawDistanceScale:1]]
[2019.06.25-05.45.34:659][  0]LogConfig: Setting CVar [[r.CapsuleShadows:1]]
[2019.06.25-05.45.34:659][  0]LogConfig: Applying CVar settings from Section [PostProcessQuality@3] File [/home/afayed/Documents/Unreal Projects/ReMod3D/Saved/Config/Linux/Scalability.ini]
[2019.06.25-05.45.34:659][  0]LogConfig: Setting CVar [[r.MotionBlurQuality:4]]
[2019.06.25-05.45.34:659][  0]LogConfig: Setting CVar [[r.AmbientOcclusionMipLevelFactor:0.4]]
[2019.06.25-05.45.34:659][  0]LogConfig: Setting CVar [[r.AmbientOcclusionMaxQuality:100]]
[2019.06.25-05.45.34:659][  0]LogConfig: Setting CVar [[r.AmbientOcclusionLevels:-1]]
[2019.06.25-05.45.34:659][  0]LogConfig: Setting CVar [[r.AmbientOcclusionRadiusScale:1.0]]
[2019.06.25-05.45.34:659][  0]LogConfig: Setting CVar [[r.DepthOfFieldQuality:2]]
[2019.06.25-05.45.34:659][  0]LogConfig: Setting CVar [[r.RenderTargetPoolMin:400]]
[2019.06.25-05.45.34:659][  0]LogConfig: Setting CVar [[r.LensFlareQuality:2]]
[2019.06.25-05.45.34:659][  0]LogConfig: Setting CVar [[r.SceneColorFringeQuality:1]]
[2019.06.25-05.45.34:659][  0]LogConfig: Setting CVar [[r.EyeAdaptationQuality:2]]
[2019.06.25-05.45.34:659][  0]LogConfig: Setting CVar [[r.BloomQuality:5]]
[2019.06.25-05.45.34:659][  0]LogConfig: Setting CVar [[r.FastBlurThreshold:100]]
[2019.06.25-05.45.34:660][  0]LogConfig: Setting CVar [[r.Upscale.Quality:3]]
[2019.06.25-05.45.34:660][  0]LogConfig: Setting CVar [[r.Tonemapper.GrainQuantization:1]]
[2019.06.25-05.45.34:660][  0]LogConfig: Setting CVar [[r.LightShaftQuality:1]]
[2019.06.25-05.45.34:660][  0]LogConfig: Setting CVar [[r.Filter.SizeScale:1]]
[2019.06.25-05.45.34:660][  0]LogConfig: Setting CVar [[r.Tonemapper.Quality:5]]
[2019.06.25-05.45.34:660][  0]LogConfig: Setting CVar [[r.DOF.Gather.AccumulatorQuality:1        ; higher gathering accumulator quality]]
[2019.06.25-05.45.34:660][  0]LogConfig: Setting CVar [[r.DOF.Gather.PostfilterMethod:1          ; Median3x3 postfilering method]]
[2019.06.25-05.45.34:660][  0]LogConfig: Setting CVar [[r.DOF.Gather.EnableBokehSettings:0       ; no bokeh simulation when gathering]]
[2019.06.25-05.45.34:660][  0]LogConfig: Setting CVar [[r.DOF.Gather.RingCount:4                 ; medium number of samples when gathering]]
[2019.06.25-05.45.34:660][  0]LogConfig: Setting CVar [[r.DOF.Scatter.ForegroundCompositing:1    ; additive foreground scattering]]
[2019.06.25-05.45.34:660][  0]LogConfig: Setting CVar [[r.DOF.Scatter.BackgroundCompositing:2    ; additive background scattering]]
[2019.06.25-05.45.34:660][  0]LogConfig: Setting CVar [[r.DOF.Scatter.EnableBokehSettings:1      ; bokeh simulation when scattering]]
[2019.06.25-05.45.34:660][  0]LogConfig: Setting CVar [[r.DOF.Scatter.MaxSpriteRatio:0.1         ; only a maximum of 10% of scattered bokeh]]
[2019.06.25-05.45.34:660][  0]LogConfig: Setting CVar [[r.DOF.Recombine.Quality:1                ; cheap slight out of focus]]
[2019.06.25-05.45.34:660][  0]LogConfig: Setting CVar [[r.DOF.Recombine.EnableBokehSettings:0    ; no bokeh simulation on slight out of focus]]
[2019.06.25-05.45.34:660][  0]LogConfig: Setting CVar [[r.DOF.TemporalAAQuality:1                ; more stable temporal accumulation]]
[2019.06.25-05.45.34:660][  0]LogConfig: Setting CVar [[r.DOF.Kernel.MaxForegroundRadius:0.025]]
[2019.06.25-05.45.34:660][  0]LogConfig: Setting CVar [[r.DOF.Kernel.MaxBackgroundRadius:0.025]]
[2019.06.25-05.45.34:660][  0]LogConfig: Applying CVar settings from Section [TextureQuality@3] File [/home/afayed/Documents/Unreal Projects/ReMod3D/Saved/Config/Linux/Scalability.ini]
[2019.06.25-05.45.34:660][  0]LogConfig: Setting CVar [[r.Streaming.MipBias:0]]
[2019.06.25-05.45.34:660][  0]LogConfig: Setting CVar [[r.Streaming.AmortizeCPUToGPUCopy:0]]
[2019.06.25-05.45.34:660][  0]LogConfig: Setting CVar [[r.Streaming.MaxNumTexturesToStreamPerFrame:0]]
[2019.06.25-05.45.34:660][  0]LogConfig: Setting CVar [[r.Streaming.Boost:1]]
[2019.06.25-05.45.34:660][  0]LogConfig: Setting CVar [[r.MaxAnisotropy:8]]
[2019.06.25-05.45.34:660][  0]LogConfig: Setting CVar [[r.Streaming.LimitPoolSizeToVRAM:0]]
[2019.06.25-05.45.34:660][  0]LogConfig: Setting CVar [[r.Streaming.PoolSize:1000]]
[2019.06.25-05.45.34:660][  0]LogConfig: Setting CVar [[r.Streaming.MaxEffectiveScreenSize:0]]
[2019.06.25-05.45.34:660][  0]LogConfig: Applying CVar settings from Section [EffectsQuality@3] File [/home/afayed/Documents/Unreal Projects/ReMod3D/Saved/Config/Linux/Scalability.ini]
[2019.06.25-05.45.34:660][  0]LogConfig: Setting CVar [[r.TranslucencyLightingVolumeDim:64]]
[2019.06.25-05.45.34:660][  0]LogConfig: Setting CVar [[r.RefractionQuality:2]]
[2019.06.25-05.45.34:660][  0]LogConfig: Setting CVar [[r.SSR.Quality:3]]
[2019.06.25-05.45.34:660][  0]LogConfig: Setting CVar [[r.SceneColorFormat:4]]
[2019.06.25-05.45.34:660][  0]LogConfig: Setting CVar [[r.DetailMode:2]]
[2019.06.25-05.45.34:660][  0]LogConfig: Setting CVar [[r.TranslucencyVolumeBlur:1]]
[2019.06.25-05.45.34:660][  0]LogConfig: Setting CVar [[r.MaterialQualityLevel:1 ; High quality]]
[2019.06.25-05.45.34:660][  0]LogConfig: Setting CVar [[r.SSS.Scale:1]]
[2019.06.25-05.45.34:660][  0]LogConfig: Setting CVar [[r.SSS.SampleSet:2]]
[2019.06.25-05.45.34:660][  0]LogConfig: Setting CVar [[r.SSS.Quality:1]]
[2019.06.25-05.45.34:660][  0]LogConfig: Setting CVar [[r.SSS.HalfRes:1]]
[2019.06.25-05.45.34:660][  0]LogConfig: Setting CVar [[r.EmitterSpawnRateScale:1.0]]
[2019.06.25-05.45.34:660][  0]LogConfig: Setting CVar [[r.ParticleLightQuality:2]]
[2019.06.25-05.45.34:660][  0]LogConfig: Applying CVar settings from Section [FoliageQuality@3] File [/home/afayed/Documents/Unreal Projects/ReMod3D/Saved/Config/Linux/Scalability.ini]
[2019.06.25-05.45.34:660][  0]LogConfig: Setting CVar [[foliage.DensityScale:1.0]]
[2019.06.25-05.45.34:660][  0]LogConfig: Setting CVar [[grass.DensityScale:1.0]]
[2019.06.25-05.45.34:660][  0]LogLinux: Selected Device Profile: [Linux]
[2019.06.25-05.45.34:660][  0]LogInit: Applying CVar settings loaded from the selected device profile: [Linux]
[2019.06.25-05.45.34:673][  0]LogHAL: Display: Platform has ~ 4 GB [33608060928 / 4294967296 / 32], which maps to Smallest [LargestMinGB=32, LargerMinGB=12, DefaultMinGB=8, SmallerMinGB=6, SmallestMinGB=0)
[2019.06.25-05.45.34:673][  0]LogInit: Going up to parent DeviceProfile []
[2019.06.25-05.45.34:673][  0]LogConfig: Applying CVar settings from Section [ViewDistanceQuality@3] File [/home/afayed/Documents/Unreal Projects/ReMod3D/Saved/Config/Linux/Scalability.ini]
[2019.06.25-05.45.34:673][  0]LogConfig: Setting CVar [[r.SkeletalMeshLODBias:0]]
[2019.06.25-05.45.34:673][  0]LogConfig: Setting CVar [[r.ViewDistanceScale:1.0]]
[2019.06.25-05.45.34:673][  0]LogConfig: Applying CVar settings from Section [AntiAliasingQuality@3] File [/home/afayed/Documents/Unreal Projects/ReMod3D/Saved/Config/Linux/Scalability.ini]
[2019.06.25-05.45.34:673][  0]LogConfig: Setting CVar [[r.PostProcessAAQuality:4]]
[2019.06.25-05.45.34:673][  0]LogConfig: Applying CVar settings from Section [ShadowQuality@3] File [/home/afayed/Documents/Unreal Projects/ReMod3D/Saved/Config/Linux/Scalability.ini]
[2019.06.25-05.45.34:673][  0]LogConfig: Setting CVar [[r.LightFunctionQuality:1]]
[2019.06.25-05.45.34:673][  0]LogConfig: Setting CVar [[r.ShadowQuality:5]]
[2019.06.25-05.45.34:673][  0]LogConfig: Setting CVar [[r.Shadow.CSM.MaxCascades:10]]
[2019.06.25-05.45.34:673][  0]LogConfig: Setting CVar [[r.Shadow.MaxResolution:2048]]
[2019.06.25-05.45.34:673][  0]LogConfig: Setting CVar [[r.Shadow.MaxCSMResolution:2048]]
[2019.06.25-05.45.34:673][  0]LogConfig: Setting CVar [[r.Shadow.RadiusThreshold:0.01]]
[2019.06.25-05.45.34:673][  0]LogConfig: Setting CVar [[r.Shadow.DistanceScale:1.0]]
[2019.06.25-05.45.34:673][  0]LogConfig: Setting CVar [[r.Shadow.CSM.TransitionScale:1.0]]
[2019.06.25-05.45.34:673][  0]LogConfig: Setting CVar [[r.Shadow.PreShadowResolutionFactor:1.0]]
[2019.06.25-05.45.34:673][  0]LogConfig: Setting CVar [[r.DistanceFieldShadowing:1]]
[2019.06.25-05.45.34:673][  0]LogConfig: Setting CVar [[r.DistanceFieldAO:1]]
[2019.06.25-05.45.34:673][  0]LogConfig: Setting CVar [[r.AOQuality:2]]
[2019.06.25-05.45.34:673][  0]LogConfig: Setting CVar [[r.VolumetricFog:1]]
[2019.06.25-05.45.34:673][  0]LogConfig: Setting CVar [[r.VolumetricFog.GridPixelSize:8]]
[2019.06.25-05.45.34:673][  0]LogConfig: Setting CVar [[r.VolumetricFog.GridSizeZ:128]]
[2019.06.25-05.45.34:673][  0]LogConfig: Setting CVar [[r.VolumetricFog.HistoryMissSupersampleCount:4]]
[2019.06.25-05.45.34:673][  0]LogConfig: Setting CVar [[r.LightMaxDrawDistanceScale:1]]
[2019.06.25-05.45.34:673][  0]LogConfig: Setting CVar [[r.CapsuleShadows:1]]
[2019.06.25-05.45.34:673][  0]LogConfig: Applying CVar settings from Section [PostProcessQuality@3] File [/home/afayed/Documents/Unreal Projects/ReMod3D/Saved/Config/Linux/Scalability.ini]
[2019.06.25-05.45.34:673][  0]LogConfig: Setting CVar [[r.MotionBlurQuality:4]]
[2019.06.25-05.45.34:673][  0]LogConfig: Setting CVar [[r.AmbientOcclusionMipLevelFactor:0.4]]
[2019.06.25-05.45.34:673][  0]LogConfig: Setting CVar [[r.AmbientOcclusionMaxQuality:100]]
[2019.06.25-05.45.34:673][  0]LogConfig: Setting CVar [[r.AmbientOcclusionLevels:-1]]
[2019.06.25-05.45.34:673][  0]LogConfig: Setting CVar [[r.AmbientOcclusionRadiusScale:1.0]]
[2019.06.25-05.45.34:673][  0]LogConfig: Setting CVar [[r.DepthOfFieldQuality:2]]
[2019.06.25-05.45.34:673][  0]LogConfig: Setting CVar [[r.RenderTargetPoolMin:400]]
[2019.06.25-05.45.34:673][  0]LogConfig: Setting CVar [[r.LensFlareQuality:2]]
[2019.06.25-05.45.34:673][  0]LogConfig: Setting CVar [[r.SceneColorFringeQuality:1]]
[2019.06.25-05.45.34:673][  0]LogConfig: Setting CVar [[r.EyeAdaptationQuality:2]]
[2019.06.25-05.45.34:673][  0]LogConfig: Setting CVar [[r.BloomQuality:5]]
[2019.06.25-05.45.34:673][  0]LogConfig: Setting CVar [[r.FastBlurThreshold:100]]
[2019.06.25-05.45.34:673][  0]LogConfig: Setting CVar [[r.Upscale.Quality:3]]
[2019.06.25-05.45.34:673][  0]LogConfig: Setting CVar [[r.Tonemapper.GrainQuantization:1]]
[2019.06.25-05.45.34:673][  0]LogConfig: Setting CVar [[r.LightShaftQuality:1]]
[2019.06.25-05.45.34:673][  0]LogConfig: Setting CVar [[r.Filter.SizeScale:1]]
[2019.06.25-05.45.34:673][  0]LogConfig: Setting CVar [[r.Tonemapper.Quality:5]]
[2019.06.25-05.45.34:673][  0]LogConfig: Setting CVar [[r.DOF.Gather.AccumulatorQuality:1        ; higher gathering accumulator quality]]
[2019.06.25-05.45.34:673][  0]LogConfig: Setting CVar [[r.DOF.Gather.PostfilterMethod:1          ; Median3x3 postfilering method]]
[2019.06.25-05.45.34:673][  0]LogConfig: Setting CVar [[r.DOF.Gather.EnableBokehSettings:0       ; no bokeh simulation when gathering]]
[2019.06.25-05.45.34:673][  0]LogConfig: Setting CVar [[r.DOF.Gather.RingCount:4                 ; medium number of samples when gathering]]
[2019.06.25-05.45.34:673][  0]LogConfig: Setting CVar [[r.DOF.Scatter.ForegroundCompositing:1    ; additive foreground scattering]]
[2019.06.25-05.45.34:673][  0]LogConfig: Setting CVar [[r.DOF.Scatter.BackgroundCompositing:2    ; additive background scattering]]
[2019.06.25-05.45.34:673][  0]LogConfig: Setting CVar [[r.DOF.Scatter.EnableBokehSettings:1      ; bokeh simulation when scattering]]
[2019.06.25-05.45.34:673][  0]LogConfig: Setting CVar [[r.DOF.Scatter.MaxSpriteRatio:0.1         ; only a maximum of 10% of scattered bokeh]]
[2019.06.25-05.45.34:673][  0]LogConfig: Setting CVar [[r.DOF.Recombine.Quality:1                ; cheap slight out of focus]]
[2019.06.25-05.45.34:673][  0]LogConfig: Setting CVar [[r.DOF.Recombine.EnableBokehSettings:0    ; no bokeh simulation on slight out of focus]]
[2019.06.25-05.45.34:673][  0]LogConfig: Setting CVar [[r.DOF.TemporalAAQuality:1                ; more stable temporal accumulation]]
[2019.06.25-05.45.34:674][  0]LogConfig: Setting CVar [[r.DOF.Kernel.MaxForegroundRadius:0.025]]
[2019.06.25-05.45.34:674][  0]LogConfig: Setting CVar [[r.DOF.Kernel.MaxBackgroundRadius:0.025]]
[2019.06.25-05.45.34:674][  0]LogConfig: Applying CVar settings from Section [TextureQuality@3] File [/home/afayed/Documents/Unreal Projects/ReMod3D/Saved/Config/Linux/Scalability.ini]
[2019.06.25-05.45.34:674][  0]LogConfig: Setting CVar [[r.Streaming.MipBias:0]]
[2019.06.25-05.45.34:674][  0]LogConfig: Setting CVar [[r.Streaming.AmortizeCPUToGPUCopy:0]]
[2019.06.25-05.45.34:674][  0]LogConfig: Setting CVar [[r.Streaming.MaxNumTexturesToStreamPerFrame:0]]
[2019.06.25-05.45.34:674][  0]LogConfig: Setting CVar [[r.Streaming.Boost:1]]
[2019.06.25-05.45.34:674][  0]LogConfig: Setting CVar [[r.MaxAnisotropy:8]]
[2019.06.25-05.45.34:674][  0]LogConfig: Setting CVar [[r.Streaming.LimitPoolSizeToVRAM:0]]
[2019.06.25-05.45.34:674][  0]LogConfig: Setting CVar [[r.Streaming.PoolSize:1000]]
[2019.06.25-05.45.34:674][  0]LogConfig: Setting CVar [[r.Streaming.MaxEffectiveScreenSize:0]]
[2019.06.25-05.45.34:674][  0]LogConfig: Applying CVar settings from Section [EffectsQuality@3] File [/home/afayed/Documents/Unreal Projects/ReMod3D/Saved/Config/Linux/Scalability.ini]
[2019.06.25-05.45.34:674][  0]LogConfig: Setting CVar [[r.TranslucencyLightingVolumeDim:64]]
[2019.06.25-05.45.34:674][  0]LogConfig: Setting CVar [[r.RefractionQuality:2]]
[2019.06.25-05.45.34:674][  0]LogConfig: Setting CVar [[r.SSR.Quality:3]]
[2019.06.25-05.45.34:674][  0]LogConfig: Setting CVar [[r.SceneColorFormat:4]]
[2019.06.25-05.45.34:674][  0]LogConfig: Setting CVar [[r.DetailMode:2]]
[2019.06.25-05.45.34:674][  0]LogConfig: Setting CVar [[r.TranslucencyVolumeBlur:1]]
[2019.06.25-05.45.34:674][  0]LogConfig: Setting CVar [[r.MaterialQualityLevel:1 ; High quality]]
[2019.06.25-05.45.34:674][  0]LogConfig: Setting CVar [[r.SSS.Scale:1]]
[2019.06.25-05.45.34:674][  0]LogConfig: Setting CVar [[r.SSS.SampleSet:2]]
[2019.06.25-05.45.34:674][  0]LogConfig: Setting CVar [[r.SSS.Quality:1]]
[2019.06.25-05.45.34:674][  0]LogConfig: Setting CVar [[r.SSS.HalfRes:1]]
[2019.06.25-05.45.34:674][  0]LogConfig: Setting CVar [[r.EmitterSpawnRateScale:1.0]]
[2019.06.25-05.45.34:674][  0]LogConfig: Setting CVar [[r.ParticleLightQuality:2]]
[2019.06.25-05.45.34:674][  0]LogConfig: Applying CVar settings from Section [FoliageQuality@3] File [/home/afayed/Documents/Unreal Projects/ReMod3D/Saved/Config/Linux/Scalability.ini]
[2019.06.25-05.45.34:674][  0]LogConfig: Setting CVar [[foliage.DensityScale:1.0]]
[2019.06.25-05.45.34:674][  0]LogConfig: Setting CVar [[grass.DensityScale:1.0]]
[2019.06.25-05.45.34:674][  0]LogConfig: Applying CVar settings from Section [Startup] File [../../../Engine/Config/ConsoleVariables.ini]
[2019.06.25-05.45.34:674][  0]LogConfig: Setting CVar [[net.UseAdaptiveNetUpdateFrequency:0]]
[2019.06.25-05.45.34:674][  0]LogConfig: Setting CVar [[p.chaos.AllowCreatePhysxBodies:1]]
[2019.06.25-05.45.34:674][  0]LogConfig: Applying CVar settings from Section [ConsoleVariables] File [/home/afayed/Documents/Unreal Projects/ReMod3D/Saved/Config/Linux/Engine.ini]
[2019.06.25-05.45.34:674][  0]LogConfig: Setting CVar [[g.TimeoutForBlockOnRenderFence:60000]]
[2019.06.25-05.45.34:674][  0]LogInit: Unix hardware info:
[2019.06.25-05.45.34:674][  0]LogInit:  - we are the first instance of this executable
[2019.06.25-05.45.34:674][  0]LogInit:  - this process' id (pid) is 14321, parent process' id (ppid) is 2775
[2019.06.25-05.45.34:674][  0]LogInit:  - we are not running under debugger
[2019.06.25-05.45.34:674][  0]LogInit:  - machine network name is 'metecs-0497'
[2019.06.25-05.45.34:674][  0]LogInit:  - user name is 'afayed' (afayed)
[2019.06.25-05.45.34:674][  0]LogInit:  - we're logged in locally
[2019.06.25-05.45.34:674][  0]LogInit:  - we're running with rendering
[2019.06.25-05.45.34:674][  0]LogInit:  - CPU: GenuineIntel 'Intel(R) Core(TM) i7-7700HQ CPU @ 2.80GHz' (signature: 0x906E9)
[2019.06.25-05.45.34:674][  0]LogInit:  - Number of physical cores available for the process: 4
[2019.06.25-05.45.34:674][  0]LogInit:  - Number of logical cores available for the process: 8
[2019.06.25-05.45.34:674][  0]LogInit:  - Cache line size: 64
[2019.06.25-05.45.34:674][  0]LogInit:  - Memory allocator used: binned2
[2019.06.25-05.45.34:674][  0]LogInit:  - This binary is optimized with LTO: no, PGO: no, instrumented for PGO data collection: no
[2019.06.25-05.45.34:674][  0]LogCore: Benchmarking clocks:
[2019.06.25-05.45.34:674][  0]LogCore:  - CLOCK_MONOTONIC (id=1) can sustain 51810824 (51811K, 52M) calls per second without zero deltas.
[2019.06.25-05.45.34:674][  0]LogCore:  - CLOCK_MONOTONIC_RAW (id=4) can sustain 2368414 (2368K, 2M) calls per second without zero deltas.
[2019.06.25-05.45.34:675][  0]LogCore:  - CLOCK_MONOTONIC_COARSE (id=6) can sustain 180174358 (180174K, 180M) calls per second with 99.999856% zero deltas.
[2019.06.25-05.45.34:675][  0]LogCore: Selected clock_id 1 (CLOCK_MONOTONIC) since it is the fastest support clock without zero deltas.
[2019.06.25-05.45.34:675][  0]LogInit: Unix-specific commandline switches:
[2019.06.25-05.45.34:675][  0]LogInit:  -ansimalloc - use malloc()/free() from libc (useful for tools like valgrind and electric fence)
[2019.06.25-05.45.34:675][  0]LogInit:  -jemalloc - use jemalloc for all memory allocation
[2019.06.25-05.45.34:675][  0]LogInit:  -binnedmalloc - use binned malloc  for all memory allocation
[2019.06.25-05.45.34:675][  0]LogInit:  -filemapcachesize=NUMBER - set the size for case-sensitive file mapping cache
[2019.06.25-05.45.34:675][  0]LogInit:  -useksm - uses kernel same-page mapping (KSM) for mapped memory (OFF)
[2019.06.25-05.45.34:675][  0]LogInit:  -ksmmergeall - marks all mmap'd memory pages suitable for KSM (OFF)
[2019.06.25-05.45.34:675][  0]LogInit:  -preloadmodulesymbols - Loads the main module symbols file into memory (OFF)
[2019.06.25-05.45.34:675][  0]LogInit:  -sigdfl=SIGNAL - Allows a specific signal to be set to its default handler rather then ignoring the signal
[2019.06.25-05.45.34:675][  0]LogInit:  -httpproxy=ADDRESS:PORT - redirects HTTP requests to a proxy (only supported if compiled with libcurl)
[2019.06.25-05.45.34:675][  0]LogInit:  -reuseconn - allow libcurl to reuse HTTP connections (only matters if compiled with libcurl)
[2019.06.25-05.45.34:675][  0]LogInit:  -virtmemkb=NUMBER - sets process virtual memory (address space) limit (overrides VirtualMemoryLimitInKB value from .ini)
[2019.06.25-05.45.34:675][  0]LogInit:  - Physical RAM available (not considering process quota): 32 GB (32051 MB, 32820372 KB, 33608060928 bytes)
[2019.06.25-05.45.34:675][  0]LogInit:  - VirtualMemoryAllocator pools will grow at scale 1.4
[2019.06.25-05.45.34:675][  0]LogInit:  - MemoryRangeDecommit() will be a no-op (re-run with -vmapoolevict to change)
[2019.06.25-05.45.34:854][  0]LogInit: Using OS detected language (en-US).
[2019.06.25-05.45.34:854][  0]LogInit: Using OS detected locale (en-US).
[2019.06.25-05.45.34:854][  0]LogTextLocalizationManager: No specific localization for 'en-US' exists, so the 'en' localization will be used.
[2019.06.25-05.45.35:068][  0]LogSlate: New Slate User Created.  User Index 0, Is Virtual User: 0
[2019.06.25-05.45.35:068][  0]LogSlate: Slate User Registered.  User Index 0, Is Virtual User: 0
[2019.06.25-05.45.35:807][  0]LogInit: Using SDL_WINDOW_OPENGL
[2019.06.25-05.45.35:836][  0]LogRHI: Initializing OpenGL RHI
[2019.06.25-05.45.35:836][  0]LogRHI:   GL_VENDOR: NVIDIA Corporation
[2019.06.25-05.45.35:836][  0]LogRHI:   GL_RENDERER: GeForce GTX 1050 Ti/PCIe/SSE2
[2019.06.25-05.45.35:836][  0]LogRHI:   GL_VERSION: 4.3.0 NVIDIA 418.67
[2019.06.25-05.45.35:836][  0]LogRHI:   GL_SHADING_LANGUAGE_VERSION: 4.30 NVIDIA via Cg compiler
[2019.06.25-05.45.35:836][  0]LogRHI: OpenGL Extensions:
[2019.06.25-05.45.35:836][  0]LogRHI:   GL_AMD_multi_draw_indirect
[2019.06.25-05.45.35:836][  0]LogRHI:   GL_AMD_seamless_cubemap_per_texture
[2019.06.25-05.45.35:836][  0]LogRHI:   GL_AMD_vertex_shader_viewport_index
[2019.06.25-05.45.35:836][  0]LogRHI:   GL_AMD_vertex_shader_layer
[2019.06.25-05.45.35:836][  0]LogRHI:   GL_ARB_arrays_of_arrays
[2019.06.25-05.45.35:836][  0]LogRHI:   GL_ARB_base_instance
[2019.06.25-05.45.35:836][  0]LogRHI:   GL_ARB_bindless_texture
[2019.06.25-05.45.35:836][  0]LogRHI:   GL_ARB_blend_func_extended
[2019.06.25-05.45.35:836][  0]LogRHI:   GL_ARB_buffer_storage
[2019.06.25-05.45.35:836][  0]LogRHI:   GL_ARB_clear_buffer_object
[2019.06.25-05.45.35:836][  0]LogRHI:   GL_ARB_clear_texture
[2019.06.25-05.45.35:836][  0]LogRHI:   GL_ARB_clip_control
[2019.06.25-05.45.35:836][  0]LogRHI:   GL_ARB_color_buffer_float
[2019.06.25-05.45.35:836][  0]LogRHI:   GL_ARB_compressed_texture_pixel_storage
[2019.06.25-05.45.35:836][  0]LogRHI:   GL_ARB_conservative_depth
[2019.06.25-05.45.35:836][  0]LogRHI:   GL_ARB_compute_shader
[2019.06.25-05.45.35:836][  0]LogRHI:   GL_ARB_compute_variable_group_size
[2019.06.25-05.45.35:836][  0]LogRHI:   GL_ARB_conditional_render_inverted
[2019.06.25-05.45.35:836][  0]LogRHI:   GL_ARB_copy_buffer
[2019.06.25-05.45.35:836][  0]LogRHI:   GL_ARB_copy_image
[2019.06.25-05.45.35:836][  0]LogRHI:   GL_ARB_cull_distance
[2019.06.25-05.45.35:836][  0]LogRHI:   GL_ARB_debug_output
[2019.06.25-05.45.35:836][  0]LogRHI:   GL_ARB_depth_buffer_float
[2019.06.25-05.45.35:836][  0]LogRHI:   GL_ARB_depth_clamp
[2019.06.25-05.45.35:836][  0]LogRHI:   GL_ARB_depth_texture
[2019.06.25-05.45.35:836][  0]LogRHI:   GL_ARB_derivative_control
[2019.06.25-05.45.35:836][  0]LogRHI:   GL_ARB_direct_state_access
[2019.06.25-05.45.35:836][  0]LogRHI:   GL_ARB_draw_buffers
[2019.06.25-05.45.35:836][  0]LogRHI:   GL_ARB_draw_buffers_blend
[2019.06.25-05.45.35:836][  0]LogRHI:   GL_ARB_draw_indirect
[2019.06.25-05.45.35:836][  0]LogRHI:   GL_ARB_draw_elements_base_vertex
[2019.06.25-05.45.35:836][  0]LogRHI:   GL_ARB_draw_instanced
[2019.06.25-05.45.35:836][  0]LogRHI:   GL_ARB_enhanced_layouts
[2019.06.25-05.45.35:836][  0]LogRHI:   GL_ARB_ES2_compatibility
[2019.06.25-05.45.35:836][  0]LogRHI:   GL_ARB_ES3_compatibility
[2019.06.25-05.45.35:836][  0]LogRHI:   GL_ARB_ES3_1_compatibility
[2019.06.25-05.45.35:836][  0]LogRHI:   GL_ARB_ES3_2_compatibility
[2019.06.25-05.45.35:836][  0]LogRHI:   GL_ARB_explicit_attrib_location
[2019.06.25-05.45.35:836][  0]LogRHI:   GL_ARB_explicit_uniform_location
[2019.06.25-05.45.35:836][  0]LogRHI:   GL_ARB_fragment_coord_conventions
[2019.06.25-05.45.35:836][  0]LogRHI:   GL_ARB_fragment_layer_viewport
[2019.06.25-05.45.35:836][  0]LogRHI:   GL_ARB_fragment_program
[2019.06.25-05.45.35:836][  0]LogRHI:   GL_ARB_fragment_program_shadow
[2019.06.25-05.45.35:836][  0]LogRHI:   GL_ARB_fragment_shader
[2019.06.25-05.45.35:836][  0]LogRHI:   GL_ARB_fragment_shader_interlock
[2019.06.25-05.45.35:836][  0]LogRHI:   GL_ARB_framebuffer_no_attachments
[2019.06.25-05.45.35:836][  0]LogRHI:   GL_ARB_framebuffer_object
[2019.06.25-05.45.35:837][  0]LogRHI:   GL_ARB_framebuffer_sRGB
[2019.06.25-05.45.35:837][  0]LogRHI:   GL_ARB_geometry_shader4
[2019.06.25-05.45.35:837][  0]LogRHI:   GL_ARB_get_program_binary
[2019.06.25-05.45.35:837][  0]LogRHI:   GL_ARB_get_texture_sub_image
[2019.06.25-05.45.35:837][  0]LogRHI:   GL_ARB_gl_spirv
[2019.06.25-05.45.35:837][  0]LogRHI:   GL_ARB_gpu_shader5
[2019.06.25-05.45.35:837][  0]LogRHI:   GL_ARB_gpu_shader_fp64
[2019.06.25-05.45.35:837][  0]LogRHI:   GL_ARB_gpu_shader_int64
[2019.06.25-05.45.35:837][  0]LogRHI:   GL_ARB_half_float_pixel
[2019.06.25-05.45.35:837][  0]LogRHI:   GL_ARB_half_float_vertex
[2019.06.25-05.45.35:837][  0]LogRHI:   GL_ARB_imaging
[2019.06.25-05.45.35:837][  0]LogRHI:   GL_ARB_indirect_parameters
[2019.06.25-05.45.35:837][  0]LogRHI:   GL_ARB_instanced_arrays
[2019.06.25-05.45.35:837][  0]LogRHI:   GL_ARB_internalformat_query
[2019.06.25-05.45.35:837][  0]LogRHI:   GL_ARB_internalformat_query2
[2019.06.25-05.45.35:837][  0]LogRHI:   GL_ARB_invalidate_subdata
[2019.06.25-05.45.35:837][  0]LogRHI:   GL_ARB_map_buffer_alignment
[2019.06.25-05.45.35:837][  0]LogRHI:   GL_ARB_map_buffer_range
[2019.06.25-05.45.35:837][  0]LogRHI:   GL_ARB_multi_bind
[2019.06.25-05.45.35:837][  0]LogRHI:   GL_ARB_multi_draw_indirect
[2019.06.25-05.45.35:837][  0]LogRHI:   GL_ARB_multisample
[2019.06.25-05.45.35:837][  0]LogRHI:   GL_ARB_multitexture
[2019.06.25-05.45.35:837][  0]LogRHI:   GL_ARB_occlusion_query
[2019.06.25-05.45.35:837][  0]LogRHI:   GL_ARB_occlusion_query2
[2019.06.25-05.45.35:837][  0]LogRHI:   GL_ARB_parallel_shader_compile
[2019.06.25-05.45.35:837][  0]LogRHI:   GL_ARB_pipeline_statistics_query
[2019.06.25-05.45.35:837][  0]LogRHI:   GL_ARB_pixel_buffer_object
[2019.06.25-05.45.35:837][  0]LogRHI:   GL_ARB_point_parameters
[2019.06.25-05.45.35:837][  0]LogRHI:   GL_ARB_point_sprite
[2019.06.25-05.45.35:837][  0]LogRHI:   GL_ARB_polygon_offset_clamp
[2019.06.25-05.45.35:837][  0]LogRHI:   GL_ARB_post_depth_coverage
[2019.06.25-05.45.35:837][  0]LogRHI:   GL_ARB_program_interface_query
[2019.06.25-05.45.35:837][  0]LogRHI:   GL_ARB_provoking_vertex
[2019.06.25-05.45.35:837][  0]LogRHI:   GL_ARB_query_buffer_object
[2019.06.25-05.45.35:837][  0]LogRHI:   GL_ARB_robust_buffer_access_behavior
[2019.06.25-05.45.35:837][  0]LogRHI:   GL_ARB_robustness
[2019.06.25-05.45.35:837][  0]LogRHI:   GL_ARB_sample_locations
[2019.06.25-05.45.35:837][  0]LogRHI:   GL_ARB_sample_shading
[2019.06.25-05.45.35:837][  0]LogRHI:   GL_ARB_sampler_objects
[2019.06.25-05.45.35:837][  0]LogRHI:   GL_ARB_seamless_cube_map
[2019.06.25-05.45.35:837][  0]LogRHI:   GL_ARB_seamless_cubemap_per_texture
[2019.06.25-05.45.35:837][  0]LogRHI:   GL_ARB_separate_shader_objects
[2019.06.25-05.45.35:837][  0]LogRHI:   GL_ARB_shader_atomic_counter_ops
[2019.06.25-05.45.35:837][  0]LogRHI:   GL_ARB_shader_atomic_counters
[2019.06.25-05.45.35:837][  0]LogRHI:   GL_ARB_shader_ballot
[2019.06.25-05.45.35:837][  0]LogRHI:   GL_ARB_shader_bit_encoding
[2019.06.25-05.45.35:837][  0]LogRHI:   GL_ARB_shader_clock
[2019.06.25-05.45.35:837][  0]LogRHI:   GL_ARB_shader_draw_parameters
[2019.06.25-05.45.35:837][  0]LogRHI:   GL_ARB_shader_group_vote
[2019.06.25-05.45.35:837][  0]LogRHI:   GL_ARB_shader_image_load_store
[2019.06.25-05.45.35:837][  0]LogRHI:   GL_ARB_shader_image_size
[2019.06.25-05.45.35:837][  0]LogRHI:   GL_ARB_shader_objects
[2019.06.25-05.45.35:837][  0]LogRHI:   GL_ARB_shader_precision
[2019.06.25-05.45.35:837][  0]LogRHI:   GL_ARB_shader_storage_buffer_object
[2019.06.25-05.45.35:837][  0]LogRHI:   GL_ARB_shader_subroutine
[2019.06.25-05.45.35:837][  0]LogRHI:   GL_ARB_shader_texture_image_samples
[2019.06.25-05.45.35:837][  0]LogRHI:   GL_ARB_shader_texture_lod
[2019.06.25-05.45.35:837][  0]LogRHI:   GL_ARB_shading_language_100
[2019.06.25-05.45.35:837][  0]LogRHI:   GL_ARB_shader_viewport_layer_array
[2019.06.25-05.45.35:837][  0]LogRHI:   GL_ARB_shading_language_420pack
[2019.06.25-05.45.35:837][  0]LogRHI:   GL_ARB_shading_language_include
[2019.06.25-05.45.35:837][  0]LogRHI:   GL_ARB_shading_language_packing
[2019.06.25-05.45.35:837][  0]LogRHI:   GL_ARB_shadow
[2019.06.25-05.45.35:837][  0]LogRHI:   GL_ARB_sparse_buffer
[2019.06.25-05.45.35:837][  0]LogRHI:   GL_ARB_sparse_texture
[2019.06.25-05.45.35:837][  0]LogRHI:   GL_ARB_sparse_texture2
[2019.06.25-05.45.35:837][  0]LogRHI:   GL_ARB_sparse_texture_clamp
[2019.06.25-05.45.35:837][  0]LogRHI:   GL_ARB_spirv_extensions
[2019.06.25-05.45.35:837][  0]LogRHI:   GL_ARB_stencil_texturing
[2019.06.25-05.45.35:837][  0]LogRHI:   GL_ARB_sync
[2019.06.25-05.45.35:837][  0]LogRHI:   GL_ARB_tessellation_shader
[2019.06.25-05.45.35:837][  0]LogRHI:   GL_ARB_texture_barrier
[2019.06.25-05.45.35:837][  0]LogRHI:   GL_ARB_texture_border_clamp
[2019.06.25-05.45.35:837][  0]LogRHI:   GL_ARB_texture_buffer_object
[2019.06.25-05.45.35:837][  0]LogRHI:   GL_ARB_texture_buffer_object_rgb32
[2019.06.25-05.45.35:837][  0]LogRHI:   GL_ARB_texture_buffer_range
[2019.06.25-05.45.35:837][  0]LogRHI:   GL_ARB_texture_compression
[2019.06.25-05.45.35:837][  0]LogRHI:   GL_ARB_texture_compression_bptc
[2019.06.25-05.45.35:837][  0]LogRHI:   GL_ARB_texture_compression_rgtc
[2019.06.25-05.45.35:837][  0]LogRHI:   GL_ARB_texture_cube_map
[2019.06.25-05.45.35:837][  0]LogRHI:   GL_ARB_texture_cube_map_array
[2019.06.25-05.45.35:837][  0]LogRHI:   GL_ARB_texture_env_add
[2019.06.25-05.45.35:837][  0]LogRHI:   GL_ARB_texture_env_combine
[2019.06.25-05.45.35:837][  0]LogRHI:   GL_ARB_texture_env_crossbar
[2019.06.25-05.45.35:837][  0]LogRHI:   GL_ARB_texture_env_dot3
[2019.06.25-05.45.35:837][  0]LogRHI:   GL_ARB_texture_filter_anisotropic
[2019.06.25-05.45.35:838][  0]LogRHI:   GL_ARB_texture_filter_minmax
[2019.06.25-05.45.35:838][  0]LogRHI:   GL_ARB_texture_float
[2019.06.25-05.45.35:838][  0]LogRHI:   GL_ARB_texture_gather
[2019.06.25-05.45.35:838][  0]LogRHI:   GL_ARB_texture_mirror_clamp_to_edge
[2019.06.25-05.45.35:838][  0]LogRHI:   GL_ARB_texture_mirrored_repeat
[2019.06.25-05.45.35:838][  0]LogRHI:   GL_ARB_texture_multisample
[2019.06.25-05.45.35:838][  0]LogRHI:   GL_ARB_texture_non_power_of_two
[2019.06.25-05.45.35:838][  0]LogRHI:   GL_ARB_texture_query_levels
[2019.06.25-05.45.35:838][  0]LogRHI:   GL_ARB_texture_query_lod
[2019.06.25-05.45.35:838][  0]LogRHI:   GL_ARB_texture_rectangle
[2019.06.25-05.45.35:838][  0]LogRHI:   GL_ARB_texture_rg
[2019.06.25-05.45.35:838][  0]LogRHI:   GL_ARB_texture_rgb10_a2ui
[2019.06.25-05.45.35:838][  0]LogRHI:   GL_ARB_texture_stencil8
[2019.06.25-05.45.35:838][  0]LogRHI:   GL_ARB_texture_storage
[2019.06.25-05.45.35:838][  0]LogRHI:   GL_ARB_texture_storage_multisample
[2019.06.25-05.45.35:838][  0]LogRHI:   GL_ARB_texture_swizzle
[2019.06.25-05.45.35:838][  0]LogRHI:   GL_ARB_texture_view
[2019.06.25-05.45.35:838][  0]LogRHI:   GL_ARB_timer_query
[2019.06.25-05.45.35:838][  0]LogRHI:   GL_ARB_transform_feedback2
[2019.06.25-05.45.35:838][  0]LogRHI:   GL_ARB_transform_feedback3
[2019.06.25-05.45.35:838][  0]LogRHI:   GL_ARB_transform_feedback_instanced
[2019.06.25-05.45.35:838][  0]LogRHI:   GL_ARB_transform_feedback_overflow_query
[2019.06.25-05.45.35:838][  0]LogRHI:   GL_ARB_transpose_matrix
[2019.06.25-05.45.35:838][  0]LogRHI:   GL_ARB_uniform_buffer_object
[2019.06.25-05.45.35:838][  0]LogRHI:   GL_ARB_vertex_array_bgra
[2019.06.25-05.45.35:838][  0]LogRHI:   GL_ARB_vertex_array_object
[2019.06.25-05.45.35:838][  0]LogRHI:   GL_ARB_vertex_attrib_64bit
[2019.06.25-05.45.35:838][  0]LogRHI:   GL_ARB_vertex_attrib_binding
[2019.06.25-05.45.35:838][  0]LogRHI:   GL_ARB_vertex_buffer_object
[2019.06.25-05.45.35:838][  0]LogRHI:   GL_ARB_vertex_program
[2019.06.25-05.45.35:838][  0]LogRHI:   GL_ARB_vertex_shader
[2019.06.25-05.45.35:838][  0]LogRHI:   GL_ARB_vertex_type_10f_11f_11f_rev
[2019.06.25-05.45.35:838][  0]LogRHI:   GL_ARB_vertex_type_2_10_10_10_rev
[2019.06.25-05.45.35:838][  0]LogRHI:   GL_ARB_viewport_array
[2019.06.25-05.45.35:838][  0]LogRHI:   GL_ARB_window_pos
[2019.06.25-05.45.35:838][  0]LogRHI:   GL_ATI_draw_buffers
[2019.06.25-05.45.35:838][  0]LogRHI:   GL_ATI_texture_float
[2019.06.25-05.45.35:838][  0]LogRHI:   GL_ATI_texture_mirror_once
[2019.06.25-05.45.35:838][  0]LogRHI:   GL_S3_s3tc
[2019.06.25-05.45.35:838][  0]LogRHI:   GL_EXT_texture_env_add
[2019.06.25-05.45.35:838][  0]LogRHI:   GL_EXT_abgr
[2019.06.25-05.45.35:838][  0]LogRHI:   GL_EXT_bgra
[2019.06.25-05.45.35:838][  0]LogRHI:   GL_EXT_bindable_uniform
[2019.06.25-05.45.35:838][  0]LogRHI:   GL_EXT_blend_color
[2019.06.25-05.45.35:838][  0]LogRHI:   GL_EXT_blend_equation_separate
[2019.06.25-05.45.35:838][  0]LogRHI:   GL_EXT_blend_func_separate
[2019.06.25-05.45.35:838][  0]LogRHI:   GL_EXT_blend_minmax
[2019.06.25-05.45.35:838][  0]LogRHI:   GL_EXT_blend_subtract
[2019.06.25-05.45.35:838][  0]LogRHI:   GL_EXT_compiled_vertex_array
[2019.06.25-05.45.35:838][  0]LogRHI:   GL_EXT_Cg_shader
[2019.06.25-05.45.35:838][  0]LogRHI:   GL_EXT_depth_bounds_test
[2019.06.25-05.45.35:838][  0]LogRHI:   GL_EXT_direct_state_access
[2019.06.25-05.45.35:838][  0]LogRHI:   GL_EXT_draw_buffers2
[2019.06.25-05.45.35:838][  0]LogRHI:   GL_EXT_draw_instanced
[2019.06.25-05.45.35:838][  0]LogRHI:   GL_EXT_draw_range_elements
[2019.06.25-05.45.35:838][  0]LogRHI:   GL_EXT_fog_coord
[2019.06.25-05.45.35:838][  0]LogRHI:   GL_EXT_framebuffer_blit
[2019.06.25-05.45.35:838][  0]LogRHI:   GL_EXT_framebuffer_multisample
[2019.06.25-05.45.35:838][  0]LogRHI:   GL_EXTX_framebuffer_mixed_formats
[2019.06.25-05.45.35:838][  0]LogRHI:   GL_EXT_framebuffer_multisample_blit_scaled
[2019.06.25-05.45.35:838][  0]LogRHI:   GL_EXT_framebuffer_object
[2019.06.25-05.45.35:838][  0]LogRHI:   GL_EXT_framebuffer_sRGB
[2019.06.25-05.45.35:838][  0]LogRHI:   GL_EXT_geometry_shader4
[2019.06.25-05.45.35:838][  0]LogRHI:   GL_EXT_gpu_program_parameters
[2019.06.25-05.45.35:838][  0]LogRHI:   GL_EXT_gpu_shader4
[2019.06.25-05.45.35:838][  0]LogRHI:   GL_EXT_multi_draw_arrays
[2019.06.25-05.45.35:838][  0]LogRHI:   GL_EXT_packed_depth_stencil
[2019.06.25-05.45.35:838][  0]LogRHI:   GL_EXT_packed_float
[2019.06.25-05.45.35:838][  0]LogRHI:   GL_EXT_packed_pixels
[2019.06.25-05.45.35:838][  0]LogRHI:   GL_EXT_pixel_buffer_object
[2019.06.25-05.45.35:838][  0]LogRHI:   GL_EXT_point_parameters
[2019.06.25-05.45.35:838][  0]LogRHI:   GL_EXT_polygon_offset_clamp
[2019.06.25-05.45.35:838][  0]LogRHI:   GL_EXT_post_depth_coverage
[2019.06.25-05.45.35:838][  0]LogRHI:   GL_EXT_provoking_vertex
[2019.06.25-05.45.35:838][  0]LogRHI:   GL_EXT_raster_multisample
[2019.06.25-05.45.35:838][  0]LogRHI:   GL_EXT_rescale_normal
[2019.06.25-05.45.35:838][  0]LogRHI:   GL_EXT_secondary_color
[2019.06.25-05.45.35:838][  0]LogRHI:   GL_EXT_separate_shader_objects
[2019.06.25-05.45.35:838][  0]LogRHI:   GL_EXT_separate_specular_color
[2019.06.25-05.45.35:838][  0]LogRHI:   GL_EXT_shader_image_load_formatted
[2019.06.25-05.45.35:838][  0]LogRHI:   GL_EXT_shader_image_load_store
[2019.06.25-05.45.35:838][  0]LogRHI:   GL_EXT_shader_integer_mix
[2019.06.25-05.45.35:838][  0]LogRHI:   GL_EXT_shadow_funcs
[2019.06.25-05.45.35:838][  0]LogRHI:   GL_EXT_sparse_texture2
[2019.06.25-05.45.35:838][  0]LogRHI:   GL_EXT_stencil_two_side
[2019.06.25-05.45.35:838][  0]LogRHI:   GL_EXT_stencil_wrap
[2019.06.25-05.45.35:838][  0]LogRHI:   GL_EXT_texture3D
[2019.06.25-05.45.35:838][  0]LogRHI:   GL_EXT_texture_array
[2019.06.25-05.45.35:838][  0]LogRHI:   GL_EXT_texture_buffer_object
[2019.06.25-05.45.35:838][  0]LogRHI:   GL_EXT_texture_compression_dxt1
[2019.06.25-05.45.35:839][  0]LogRHI:   GL_EXT_texture_compression_latc
[2019.06.25-05.45.35:839][  0]LogRHI:   GL_EXT_texture_compression_rgtc
[2019.06.25-05.45.35:839][  0]LogRHI:   GL_EXT_texture_compression_s3tc
[2019.06.25-05.45.35:839][  0]LogRHI:   GL_EXT_texture_cube_map
[2019.06.25-05.45.35:839][  0]LogRHI:   GL_EXT_texture_edge_clamp
[2019.06.25-05.45.35:839][  0]LogRHI:   GL_EXT_texture_env_combine
[2019.06.25-05.45.35:839][  0]LogRHI:   GL_EXT_texture_env_dot3
[2019.06.25-05.45.35:839][  0]LogRHI:   GL_EXT_texture_filter_anisotropic
[2019.06.25-05.45.35:839][  0]LogRHI:   GL_EXT_texture_filter_minmax
[2019.06.25-05.45.35:839][  0]LogRHI:   GL_EXT_texture_integer
[2019.06.25-05.45.35:839][  0]LogRHI:   GL_EXT_texture_lod
[2019.06.25-05.45.35:839][  0]LogRHI:   GL_EXT_texture_lod_bias
[2019.06.25-05.45.35:839][  0]LogRHI:   GL_EXT_texture_mirror_clamp
[2019.06.25-05.45.35:839][  0]LogRHI:   GL_EXT_texture_object
[2019.06.25-05.45.35:839][  0]LogRHI:   GL_EXT_texture_shared_exponent
[2019.06.25-05.45.35:839][  0]LogRHI:   GL_EXT_texture_sRGB
[2019.06.25-05.45.35:839][  0]LogRHI:   GL_EXT_texture_sRGB_R8
[2019.06.25-05.45.35:839][  0]LogRHI:   GL_EXT_texture_sRGB_decode
[2019.06.25-05.45.35:839][  0]LogRHI:   GL_EXT_texture_storage
[2019.06.25-05.45.35:839][  0]LogRHI:   GL_EXT_texture_swizzle
[2019.06.25-05.45.35:839][  0]LogRHI:   GL_EXT_timer_query
[2019.06.25-05.45.35:839][  0]LogRHI:   GL_EXT_transform_feedback2
[2019.06.25-05.45.35:839][  0]LogRHI:   GL_EXT_vertex_array
[2019.06.25-05.45.35:839][  0]LogRHI:   GL_EXT_vertex_array_bgra
[2019.06.25-05.45.35:839][  0]LogRHI:   GL_EXT_vertex_attrib_64bit
[2019.06.25-05.45.35:839][  0]LogRHI:   GL_EXT_window_rectangles
[2019.06.25-05.45.35:839][  0]LogRHI:   GL_EXT_x11_sync_object
[2019.06.25-05.45.35:839][  0]LogRHI:   GL_EXT_import_sync_object
[2019.06.25-05.45.35:839][  0]LogRHI:   GL_NV_robustness_video_memory_purge
[2019.06.25-05.45.35:839][  0]LogRHI:   GL_IBM_rasterpos_clip
[2019.06.25-05.45.35:839][  0]LogRHI:   GL_IBM_texture_mirrored_repeat
[2019.06.25-05.45.35:839][  0]LogRHI:   GL_KHR_context_flush_control
[2019.06.25-05.45.35:839][  0]LogRHI:   GL_KHR_debug
[2019.06.25-05.45.35:839][  0]LogRHI:   GL_EXT_memory_object
[2019.06.25-05.45.35:839][  0]LogRHI:   GL_EXT_memory_object_fd
[2019.06.25-05.45.35:839][  0]LogRHI:   GL_KHR_parallel_shader_compile
[2019.06.25-05.45.35:839][  0]LogRHI:   GL_KHR_no_error
[2019.06.25-05.45.35:839][  0]LogRHI:   GL_KHR_robust_buffer_access_behavior
[2019.06.25-05.45.35:839][  0]LogRHI:   GL_KHR_robustness
[2019.06.25-05.45.35:839][  0]LogRHI:   GL_EXT_semaphore
[2019.06.25-05.45.35:839][  0]LogRHI:   GL_EXT_semaphore_fd
[2019.06.25-05.45.35:839][  0]LogRHI:   GL_KTX_buffer_region
[2019.06.25-05.45.35:839][  0]LogRHI:   GL_NV_alpha_to_coverage_dither_control
[2019.06.25-05.45.35:839][  0]LogRHI:   GL_NV_bindless_multi_draw_indirect
[2019.06.25-05.45.35:839][  0]LogRHI:   GL_NV_bindless_multi_draw_indirect_count
[2019.06.25-05.45.35:839][  0]LogRHI:   GL_NV_bindless_texture
[2019.06.25-05.45.35:839][  0]LogRHI:   GL_NV_blend_equation_advanced
[2019.06.25-05.45.35:839][  0]LogRHI:   GL_NV_blend_equation_advanced_coherent
[2019.06.25-05.45.35:839][  0]LogRHI:   GL_NVX_blend_equation_advanced_multi_draw_buffers
[2019.06.25-05.45.35:839][  0]LogRHI:   GL_NV_blend_minmax_factor
[2019.06.25-05.45.35:839][  0]LogRHI:   GL_NV_blend_square
[2019.06.25-05.45.35:839][  0]LogRHI:   GL_NV_clip_space_w_scaling
[2019.06.25-05.45.35:839][  0]LogRHI:   GL_NV_command_list
[2019.06.25-05.45.35:839][  0]LogRHI:   GL_NV_compute_program5
[2019.06.25-05.45.35:839][  0]LogRHI:   GL_NV_conditional_render
[2019.06.25-05.45.35:839][  0]LogRHI:   GL_NV_conservative_raster
[2019.06.25-05.45.35:839][  0]LogRHI:   GL_NV_conservative_raster_dilate
[2019.06.25-05.45.35:839][  0]LogRHI:   GL_NV_conservative_raster_pre_snap_triangles
[2019.06.25-05.45.35:839][  0]LogRHI:   GL_NV_copy_depth_to_color
[2019.06.25-05.45.35:839][  0]LogRHI:   GL_NV_copy_image
[2019.06.25-05.45.35:839][  0]LogRHI:   GL_NV_depth_buffer_float
[2019.06.25-05.45.35:839][  0]LogRHI:   GL_NV_depth_clamp
[2019.06.25-05.45.35:839][  0]LogRHI:   GL_NV_draw_texture
[2019.06.25-05.45.35:839][  0]LogRHI:   GL_NV_draw_vulkan_image
[2019.06.25-05.45.35:839][  0]LogRHI:   GL_NV_ES1_1_compatibility
[2019.06.25-05.45.35:839][  0]LogRHI:   GL_NV_ES3_1_compatibility
[2019.06.25-05.45.35:839][  0]LogRHI:   GL_NV_explicit_multisample
[2019.06.25-05.45.35:839][  0]LogRHI:   GL_NV_feature_query
[2019.06.25-05.45.35:839][  0]LogRHI:   GL_NV_fence
[2019.06.25-05.45.35:839][  0]LogRHI:   GL_NV_fill_rectangle
[2019.06.25-05.45.35:839][  0]LogRHI:   GL_NV_float_buffer
[2019.06.25-05.45.35:839][  0]LogRHI:   GL_NV_fog_distance
[2019.06.25-05.45.35:839][  0]LogRHI:   GL_NV_fragment_coverage_to_color
[2019.06.25-05.45.35:839][  0]LogRHI:   GL_NV_fragment_program
[2019.06.25-05.45.35:839][  0]LogRHI:   GL_NV_fragment_program_option
[2019.06.25-05.45.35:839][  0]LogRHI:   GL_NV_fragment_program2
[2019.06.25-05.45.35:839][  0]LogRHI:   GL_NV_fragment_shader_interlock
[2019.06.25-05.45.35:839][  0]LogRHI:   GL_NV_framebuffer_mixed_samples
[2019.06.25-05.45.35:839][  0]LogRHI:   GL_NV_framebuffer_multisample_coverage
[2019.06.25-05.45.35:839][  0]LogRHI:   GL_NV_geometry_shader4
[2019.06.25-05.45.35:839][  0]LogRHI:   GL_NV_geometry_shader_passthrough
[2019.06.25-05.45.35:839][  0]LogRHI:   GL_NV_gpu_program4
[2019.06.25-05.45.35:839][  0]LogRHI:   GL_NV_internalformat_sample_query
[2019.06.25-05.45.35:839][  0]LogRHI:   GL_NV_gpu_program4_1
[2019.06.25-05.45.35:839][  0]LogRHI:   GL_NV_gpu_program5
[2019.06.25-05.45.35:839][  0]LogRHI:   GL_NV_gpu_program5_mem_extended
[2019.06.25-05.45.35:839][  0]LogRHI:   GL_NV_gpu_program_fp64
[2019.06.25-05.45.35:840][  0]LogRHI:   GL_NV_gpu_shader5
[2019.06.25-05.45.35:840][  0]LogRHI:   GL_NV_half_float
[2019.06.25-05.45.35:840][  0]LogRHI:   GL_NV_light_max_exponent
[2019.06.25-05.45.35:840][  0]LogRHI:   GL_NV_memory_attachment
[2019.06.25-05.45.35:840][  0]LogRHI:   GL_NV_multisample_coverage
[2019.06.25-05.45.35:840][  0]LogRHI:   GL_NV_multisample_filter_hint
[2019.06.25-05.45.35:840][  0]LogRHI:   GL_NV_occlusion_query
[2019.06.25-05.45.35:840][  0]LogRHI:   GL_NV_packed_depth_stencil
[2019.06.25-05.45.35:840][  0]LogRHI:   GL_NV_parameter_buffer_object
[2019.06.25-05.45.35:840][  0]LogRHI:   GL_NV_parameter_buffer_object2
[2019.06.25-05.45.35:840][  0]LogRHI:   GL_NV_path_rendering
[2019.06.25-05.45.35:840][  0]LogRHI:   GL_NV_path_rendering_shared_edge
[2019.06.25-05.45.35:840][  0]LogRHI:   GL_NV_pixel_data_range
[2019.06.25-05.45.35:840][  0]LogRHI:   GL_NV_point_sprite
[2019.06.25-05.45.35:840][  0]LogRHI:   GL_NV_primitive_restart
[2019.06.25-05.45.35:840][  0]LogRHI:   GL_NV_query_resource
[2019.06.25-05.45.35:840][  0]LogRHI:   GL_NV_query_resource_tag
[2019.06.25-05.45.35:840][  0]LogRHI:   GL_NV_register_combiners
[2019.06.25-05.45.35:840][  0]LogRHI:   GL_NV_register_combiners2
[2019.06.25-05.45.35:840][  0]LogRHI:   GL_NV_sample_locations
[2019.06.25-05.45.35:840][  0]LogRHI:   GL_NV_sample_mask_override_coverage
[2019.06.25-05.45.35:840][  0]LogRHI:   GL_NV_shader_atomic_counters
[2019.06.25-05.45.35:840][  0]LogRHI:   GL_NV_shader_atomic_float
[2019.06.25-05.45.35:840][  0]LogRHI:   GL_NV_shader_atomic_float64
[2019.06.25-05.45.35:840][  0]LogRHI:   GL_NV_shader_atomic_fp16_vector
[2019.06.25-05.45.35:840][  0]LogRHI:   GL_NV_shader_atomic_int64
[2019.06.25-05.45.35:840][  0]LogRHI:   GL_NV_shader_buffer_load
[2019.06.25-05.45.35:840][  0]LogRHI:   GL_NV_shader_storage_buffer_object
[2019.06.25-05.45.35:840][  0]LogRHI:   GL_NV_stereo_view_rendering
[2019.06.25-05.45.35:840][  0]LogRHI:   GL_NV_texgen_reflection
[2019.06.25-05.45.35:840][  0]LogRHI:   GL_NV_texture_barrier
[2019.06.25-05.45.35:840][  0]LogRHI:   GL_NV_texture_compression_vtc
[2019.06.25-05.45.35:840][  0]LogRHI:   GL_NV_texture_env_combine4
[2019.06.25-05.45.35:840][  0]LogRHI:   GL_NV_texture_multisample
[2019.06.25-05.45.35:840][  0]LogRHI:   GL_NV_texture_rectangle
[2019.06.25-05.45.35:840][  0]LogRHI:   GL_NV_texture_rectangle_compressed
[2019.06.25-05.45.35:840][  0]LogRHI:   GL_NV_texture_shader
[2019.06.25-05.45.35:840][  0]LogRHI:   GL_NV_texture_shader2
[2019.06.25-05.45.35:840][  0]LogRHI:   GL_NV_texture_shader3
[2019.06.25-05.45.35:840][  0]LogRHI:   GL_NV_transform_feedback
[2019.06.25-05.45.35:840][  0]LogRHI:   GL_NV_transform_feedback2
[2019.06.25-05.45.35:840][  0]LogRHI:   GL_NV_uniform_buffer_unified_memory
[2019.06.25-05.45.35:840][  0]LogRHI:   GL_NV_vdpau_interop
[2019.06.25-05.45.35:840][  0]LogRHI:   GL_NV_vdpau_interop2
[2019.06.25-05.45.35:840][  0]LogRHI:   GL_NV_vertex_array_range
[2019.06.25-05.45.35:840][  0]LogRHI:   GL_NV_vertex_array_range2
[2019.06.25-05.45.35:840][  0]LogRHI:   GL_NV_vertex_attrib_integer_64bit
[2019.06.25-05.45.35:840][  0]LogRHI:   GL_NV_vertex_buffer_unified_memory
[2019.06.25-05.45.35:840][  0]LogRHI:   GL_NV_vertex_program
[2019.06.25-05.45.35:840][  0]LogRHI:   GL_NV_vertex_program1_1
[2019.06.25-05.45.35:840][  0]LogRHI:   GL_NV_vertex_program2
[2019.06.25-05.45.35:840][  0]LogRHI:   GL_NV_vertex_program2_option
[2019.06.25-05.45.35:840][  0]LogRHI:   GL_NV_vertex_program3
[2019.06.25-05.45.35:840][  0]LogRHI:   GL_NV_viewport_array2
[2019.06.25-05.45.35:840][  0]LogRHI:   GL_NV_viewport_swizzle
[2019.06.25-05.45.35:840][  0]LogRHI:   GL_NVX_conditional_render
[2019.06.25-05.45.35:840][  0]LogRHI:   GL_NVX_gpu_memory_info
[2019.06.25-05.45.35:840][  0]LogRHI:   GL_NVX_nvenc_interop
[2019.06.25-05.45.35:840][  0]LogRHI:   GL_NV_shader_thread_group
[2019.06.25-05.45.35:840][  0]LogRHI:   GL_NV_shader_thread_shuffle
[2019.06.25-05.45.35:840][  0]LogRHI:   GL_KHR_blend_equation_advanced
[2019.06.25-05.45.35:840][  0]LogRHI:   GL_KHR_blend_equation_advanced_coherent
[2019.06.25-05.45.35:840][  0]LogRHI:   GL_OVR_multiview
[2019.06.25-05.45.35:840][  0]LogRHI:   GL_OVR_multiview2
[2019.06.25-05.45.35:840][  0]LogRHI:   GL_SGIS_generate_mipmap
[2019.06.25-05.45.35:840][  0]LogRHI:   GL_SGIS_texture_lod
[2019.06.25-05.45.35:840][  0]LogRHI:   GL_SGIX_depth_texture
[2019.06.25-05.45.35:840][  0]LogRHI:   GL_SGIX_shadow
[2019.06.25-05.45.35:840][  0]LogRHI:   GL_SUN_slice_accum
[2019.06.25-05.45.35:841][  0]LogRHI:   GL_MAX_TEXTURE_SIZE: 32768
[2019.06.25-05.45.35:841][  0]LogRHI:   GL_MAX_CUBE_MAP_TEXTURE_SIZE: 32768
[2019.06.25-05.45.35:841][  0]LogRHI:   GL_MAX_ARRAY_TEXTURE_LAYERS: 2048
[2019.06.25-05.45.35:841][  0]LogRHI:   GL_MAX_3D_TEXTURE_SIZE: 16384
[2019.06.25-05.45.35:841][  0]LogRHI:   GL_MAX_RENDERBUFFER_SIZE: 32768
[2019.06.25-05.45.35:841][  0]LogRHI:   GL_MAX_TEXTURE_IMAGE_UNITS: 32
[2019.06.25-05.45.35:841][  0]LogRHI:   GL_MAX_DRAW_BUFFERS: 8
[2019.06.25-05.45.35:841][  0]LogRHI:   GL_MAX_COLOR_ATTACHMENTS: 8
[2019.06.25-05.45.35:841][  0]LogRHI:   GL_MAX_SAMPLES: 32
[2019.06.25-05.45.35:841][  0]LogRHI:   GL_MAX_COLOR_TEXTURE_SAMPLES: 32
[2019.06.25-05.45.35:841][  0]LogRHI:   GL_MAX_DEPTH_TEXTURE_SAMPLES: 32
[2019.06.25-05.45.35:841][  0]LogRHI:   GL_MAX_INTEGER_SAMPLES: 32
[2019.06.25-05.45.35:841][  0]LogRHI:   GL_MAX_COMBINED_TEXTURE_IMAGE_UNITS: 192
[2019.06.25-05.45.35:841][  0]LogRHI:   GL_MAX_VERTEX_ATTRIBS: 16
[2019.06.25-05.45.35:841][  0]LogRHI:   GL_MAX_TEXTURE_MAX_ANISOTROPY_EXT: 16
[2019.06.25-05.45.35:841][  0]LogRHI: OpenGL MajorVersion = 4, MinorVersion = 3, ShaderPlatform = GLSL_430, FeatureLevel = SM5
[2019.06.25-05.45.35:841][  0]LogRHI: FOpenGLProgramBinaryCache disabled by r.ProgramBinaryCache.Enable=0
[2019.06.25-05.45.35:846][  0]LogRendererCore: FGlobalReadBuffer::InitRHI
[2019.06.25-05.45.35:846][  0]LogRendererCore: FGlobalReadBuffer::InitRHI
[2019.06.25-05.45.35:846][  0]LogRendererCore: FGlobalReadBuffer::InitRHI
[2019.06.25-05.45.35:850][  0]LogRHI: Texture pool is 2867 MB (70% of 4096 MB)
[2019.06.25-05.45.36:528][  0]LogTemp: Display: Module 'AllDesktopTargetPlatform' loaded TargetPlatform 'AllDesktop'
[2019.06.25-05.45.36:715][  0]LogTemp: Display: Module 'AndroidTargetPlatform' loaded TargetPlatform 'Android'
[2019.06.25-05.45.36:715][  0]LogTemp: Display: Module 'AndroidTargetPlatform' loaded TargetPlatform 'Android_ASTC'
[2019.06.25-05.45.36:715][  0]LogTemp: Display: Module 'AndroidTargetPlatform' loaded TargetPlatform 'Android_ATC'
[2019.06.25-05.45.36:715][  0]LogTemp: Display: Module 'AndroidTargetPlatform' loaded TargetPlatform 'Android_DXT'
[2019.06.25-05.45.36:715][  0]LogTemp: Display: Module 'AndroidTargetPlatform' loaded TargetPlatform 'Android_ETC1'
[2019.06.25-05.45.36:715][  0]LogTemp: Display: Module 'AndroidTargetPlatform' loaded TargetPlatform 'Android_ETC1a'
[2019.06.25-05.45.36:715][  0]LogTemp: Display: Module 'AndroidTargetPlatform' loaded TargetPlatform 'Android_ETC2'
[2019.06.25-05.45.36:715][  0]LogTemp: Display: Module 'AndroidTargetPlatform' loaded TargetPlatform 'Android_PVRTC'
[2019.06.25-05.45.36:715][  0]LogTemp: Display: Module 'AndroidTargetPlatform' loaded TargetPlatform 'AndroidClient'
[2019.06.25-05.45.36:715][  0]LogTemp: Display: Module 'AndroidTargetPlatform' loaded TargetPlatform 'Android_ASTCClient'
[2019.06.25-05.45.36:715][  0]LogTemp: Display: Module 'AndroidTargetPlatform' loaded TargetPlatform 'Android_ATCClient'
[2019.06.25-05.45.36:715][  0]LogTemp: Display: Module 'AndroidTargetPlatform' loaded TargetPlatform 'Android_DXTClient'
[2019.06.25-05.45.36:715][  0]LogTemp: Display: Module 'AndroidTargetPlatform' loaded TargetPlatform 'Android_ETC1Client'
[2019.06.25-05.45.36:715][  0]LogTemp: Display: Module 'AndroidTargetPlatform' loaded TargetPlatform 'Android_ETC1aClient'
[2019.06.25-05.45.36:715][  0]LogTemp: Display: Module 'AndroidTargetPlatform' loaded TargetPlatform 'Android_ETC2Client'
[2019.06.25-05.45.36:715][  0]LogTemp: Display: Module 'AndroidTargetPlatform' loaded TargetPlatform 'Android_PVRTCClient'
[2019.06.25-05.45.36:715][  0]LogTemp: Display: Module 'AndroidTargetPlatform' loaded TargetPlatform 'Android_Multi'
[2019.06.25-05.45.36:715][  0]LogTemp: Display: Module 'AndroidTargetPlatform' loaded TargetPlatform 'Android_MultiClient'
[2019.06.25-05.45.36:861][  0]LogTemp: Display: Module 'HTML5TargetPlatform' loaded TargetPlatform 'HTML5'
[2019.06.25-05.45.37:003][  0]LogTemp: Display: Module 'LinuxClientTargetPlatform' loaded TargetPlatform 'LinuxClient'
[2019.06.25-05.45.37:150][  0]LogTemp: Display: Module 'LinuxNoEditorTargetPlatform' loaded TargetPlatform 'LinuxNoEditor'
[2019.06.25-05.45.37:287][  0]LogTemp: Display: Module 'LinuxServerTargetPlatform' loaded TargetPlatform 'LinuxServer'
[2019.06.25-05.45.37:429][  0]LogTemp: Display: Module 'LinuxTargetPlatform' loaded TargetPlatform 'Linux'
[2019.06.25-05.45.37:436][  0]LogTargetPlatformManager: Display: Building Assets For Linux
[2019.06.25-05.45.37:821][  0]LogShaderCompilers: Guid format shader working directory is 14 characters bigger than the processId version (../../../../Documents/Unreal Projects/ReMod3D/Intermediate/Shaders/WorkingDirectory/14321/).
[2019.06.25-05.45.37:822][  0]LogShaderCompilers: Cleaned the shader compiler working directory '../../../../Documents/Unreal Projects/ReMod3D/Intermediate/Shaders/tmp/00047A5A08D6F8F5AD5517B82675D3FC/'.
[2019.06.25-05.45.37:822][  0]LogShaderCompilers: Display: Using Local Shader Compiler.
[2019.06.25-05.45.38:821][  0]LogDerivedDataCache: Display: Max Cache Size: 512 MB
[2019.06.25-05.45.38:895][  0]LogDerivedDataCache: Loaded boot cache 0.07s 88MB ../../../../Documents/Unreal Projects/ReMod3D/DerivedDataCache/Boot.ddc.
[2019.06.25-05.45.38:895][  0]LogDerivedDataCache: Display: Loaded Boot cache: ../../../../Documents/Unreal Projects/ReMod3D/DerivedDataCache/Boot.ddc
[2019.06.25-05.45.38:896][  0]LogDerivedDataCache: FDerivedDataBackendGraph:  Pak pak cache file ../../../../Documents/Unreal Projects/ReMod3D/DerivedDataCache/DDC.ddp not found, will not use a pak cache.
[2019.06.25-05.45.38:896][  0]LogDerivedDataCache: Unable to find inner node Pak for hierarchical cache Hierarchy.
[2019.06.25-05.45.38:896][  0]LogDerivedDataCache: FDerivedDataBackendGraph:  EnginePak pak cache file ../../../Engine/DerivedDataCache/DDC.ddp not found, will not use a pak cache.
[2019.06.25-05.45.38:896][  0]LogDerivedDataCache: Unable to find inner node EnginePak for hierarchical cache Hierarchy.
[2019.06.25-05.45.38:902][  0]LogDerivedDataCache: Using Local data cache path ../../../Engine/DerivedDataCache: Writable
[2019.06.25-05.45.38:902][  0]LogDerivedDataCache: Shared data cache path not found in *engine.ini, will not use an Shared cache.
[2019.06.25-05.45.38:902][  0]LogDerivedDataCache: Unable to find inner node Shared for hierarchical cache Hierarchy.
[2019.06.25-05.45.38:929][  0]LogMaterial: Verifying Global Shaders for GLSL_430
[2019.06.25-05.45.38:936][  0]LogSlate: Using FreeType 2.6.0
[2019.06.25-05.45.38:937][  0]LogSlate: SlateFontServices - WITH_FREETYPE: 1, WITH_HARFBUZZ: 0
[2019.06.25-05.45.39:028][  0]LogAssetRegistry: FAssetRegistry took 0.0031 seconds to start up
[2019.06.25-05.45.39:293][  0]LogLinux: Selected Device Profile: [Linux]
[2019.06.25-05.45.39:949][  0]LogMeshReduction: Using QuadricMeshReduction for automatic static mesh reduction
[2019.06.25-05.45.39:949][  0]LogMeshReduction: Using SimplygonMeshReduction for automatic skeletal mesh reduction
[2019.06.25-05.45.39:949][  0]LogMeshReduction: No automatic mesh merging module available
[2019.06.25-05.45.39:949][  0]LogMeshReduction: No distributed automatic mesh merging module available
[2019.06.25-05.45.39:950][  0]LogMeshMerging: No automatic mesh merging module available
[2019.06.25-05.45.39:950][  0]LogMeshMerging: No distributed automatic mesh merging module available
[2019.06.25-05.45.39:967][  0]LogNetVersion: ReBots 1.0.0, NetCL: 0, EngineNetVer: 10, GameNetVer: 0 (Checksum: 2551311394)
[2019.06.25-05.45.40:034][  0]LogObj: Error: LoadConfig (/Script/Engine.Default__RendererSettings): import failed for bEnableAlphaChannelInPostProcessing in: False
[2019.06.25-05.45.40:497][  0]LogPackageLocalizationCache: Processed 10 localized package path(s) for 1 prioritized culture(s) in 0.024043 seconds
[2019.06.25-05.45.40:504][  0]LogUObjectArray: 41533 objects as part of root set at end of initial load.
[2019.06.25-05.45.40:504][  0]LogUObjectAllocator: 7197240 out of 0 bytes used by permanent object pool.
[2019.06.25-05.45.40:504][  0]LogUObjectArray: CloseDisregardForGC: 0/0 objects in disregard for GC pool
[2019.06.25-05.45.40:706][  0]LogHAL: Linux SourceCodeAccessSettings: NullSourceCodeAccessor
[2019.06.25-05.45.44:109][  0]LogUdpMessaging: Initializing bridge on interface 0.0.0.0:0 to multicast group 230.0.0.1:6666.
[2019.06.25-05.45.44:120][  0]LogTcpMessaging: Initializing TcpMessaging bridge
[2019.06.25-05.45.46:942][  0]LogPhysics: Error: FBodyInstance::GetSimplePhysicalMaterial : GEngine not initialized! Cannot call this during native CDO construction, wrap with if(!HasAnyFlags(RF_ClassDefaultObject)) or move out of constructor, material parameters will not be correct.
[2019.06.25-05.45.46:942][  0]LogPhysics: Error: FBodyInstance::GetSimplePhysicalMaterial : GEngine not initialized! Cannot call this during native CDO construction, wrap with if(!HasAnyFlags(RF_ClassDefaultObject)) or move out of constructor, material parameters will not be correct.
[2019.06.25-05.45.49:419][  0]SourceControl: Source control is disabled
[2019.06.25-05.45.49:419][  0]SourceControl: Source control is disabled
[2019.06.25-05.45.49:774][  0]SourceControl: Source control is disabled
[2019.06.25-05.45.49:884][  0]SourceControl: Source control is disabled
[2019.06.25-05.45.50:282][  0]LogAndroidPermission: UAndroidPermissionCallbackProxy::GetInstance
[2019.06.25-05.45.53:496][  0]LogEngine: Initializing Engine...
[2019.06.25-05.45.53:497][  0]LogHMD: Failed to initialize OpenVR with code 110
[2019.06.25-05.45.53:498][  0]LogStats: UGameplayTagsManager::InitializeManager -  0.000 s
[2019.06.25-05.45.53:813][  0]LogInit: Initializing FReadOnlyCVARCache
[2019.06.25-05.45.54:254][  0]LogAIModule: Creating AISystem for world Untitled
[2019.06.25-05.45.54:263][  0]LogAudioMixer: Display: Audio Mixer Platform Settings:
[2019.06.25-05.45.54:263][  0]LogAudioMixer: Display: 	Sample Rate:						  48000
[2019.06.25-05.45.54:263][  0]LogAudioMixer: Display: 	Callback Buffer Frame Size Requested: 1024
[2019.06.25-05.45.54:263][  0]LogAudioMixer: Display: 	Callback Buffer Frame Size To Use:	  1024
[2019.06.25-05.45.54:263][  0]LogAudioMixer: Display: 	Number of buffers to queue:			  2
[2019.06.25-05.45.54:263][  0]LogAudioMixer: Display: 	Max Channels (voices):				  0
[2019.06.25-05.45.54:263][  0]LogAudioMixer: Display: 	Number of Async Source Workers:		  0
[2019.06.25-05.45.54:263][  0]LogAudioMixer: Display: Initializing audio mixer.
[2019.06.25-05.45.54:271][  0]LogAudioMixerSDL: Display: Initialized SDL using pulseaudio platform API backend.
[2019.06.25-05.45.54:418][  0]LogInit: FAudioDevice initialized.
[2019.06.25-05.45.54:419][  0]LogNetVersion: Set ProjectVersion to 1.0.0.0. Version Checksum will be recalculated on next use.
[2019.06.25-05.45.54:490][  0]LogDerivedDataCache: Saved boot cache 0.07s 88MB ../../../../Documents/Unreal Projects/ReMod3D/DerivedDataCache/Boot.ddc.
[2019.06.25-05.45.54:511][  0]LogInit: Texture streaming: Enabled
[2019.06.25-05.45.54:559][  0]LogEngineSessionManager: EngineSessionManager initialized
[2019.06.25-05.45.55:111][  0]LogInit: Transaction tracking system initialized
[2019.06.25-05.45.55:887][  0]BlueprintLog: New page: Editor Load
[2019.06.25-05.45.58:331][  0]LocalizationService: Localization service is disabled
[2019.06.25-05.46.00:514][  0]LogFileCache: Scanning file cache for directory '/home/afayed/Documents/Unreal Projects/ReMod3D/Content/' took 0.00s
[2019.06.25-05.46.00:514][  0]LogCook: Display: Max memory allowance for cook 16384mb min free memory 0mb
[2019.06.25-05.46.00:514][  0]LogCook: Display: Mobile HDR setting 1
[2019.06.25-05.46.03:782][  0]SourceControl: Source control is disabled
[2019.06.25-05.46.03:783][  0]Cmd: MAP LOAD FILE="../../../../Documents/Unreal Projects/ReMod3D/Content/Maps/CaterpillarTest.umap" TEMPLATE=0 SHOWPROGRESS=1 FEATURELEVEL=3
[2019.06.25-05.46.03:790][  0]LightingResults: New page: Lighting Build
[2019.06.25-05.46.03:873][  0]MapCheck: New page: Map Check
[2019.06.25-05.46.03:873][  0]LightingResults: New page: Lighting Build
[2019.06.25-05.46.03:899][  0]LogUObjectHash: Compacting FUObjectHashTables data took   2.34ms
[2019.06.25-05.46.03:987][  0]LogAIModule: Creating AISystem for world CaterpillarTest
[2019.06.25-05.46.03:994][  0]LogEditorServer: Finished looking for orphan Actors (0.000 secs)
[2019.06.25-05.46.04:021][  0]LogUObjectHash: Compacting FUObjectHashTables data took   2.51ms
[2019.06.25-05.46.04:028][  0]Cmd: MAP CHECKDEP NOCLEARLOG
[2019.06.25-05.46.04:028][  0]MapCheck: Map check complete: 0 Error(s), 0 Warning(s), took 0.077ms to complete.
[2019.06.25-05.46.04:028][  0]LogFileHelpers: Loading map 'CaterpillarTest' took 0.245
[2019.06.25-05.46.04:050][  0]LogLinux: Scale at X=65.000000, Y=24.000000: 1.000000 (monitor=#0, HDPI=96.000000 (horz scale: 1.000000), VDPI=96.000000 (vert scale: 1.000000))
[2019.06.25-05.46.04:051][  0]LogLinux: Scale at X=992.500000, Y=552.000000: 1.000000 (monitor=#0, HDPI=96.000000 (horz scale: 1.000000), VDPI=96.000000 (vert scale: 1.000000))
[2019.06.25-05.46.04:058][  0]LogLinux: Scale at X=65.000000, Y=24.000000: 1.000000 (monitor=#0, HDPI=96.000000 (horz scale: 1.000000), VDPI=96.000000 (vert scale: 1.000000))
[2019.06.25-05.46.04:085][  0]LogSlate: Updating window title bar state: overlay mode, drag disabled, window buttons hidden, title bar hidden
[2019.06.25-05.46.04:092][  0]LogSlate: Updating window title bar state: overlay mode, drag disabled, window buttons hidden, title bar hidden
[2019.06.25-05.46.04:098][  0]LogSlate: Updating window title bar state: overlay mode, drag disabled, window buttons hidden, title bar hidden
[2019.06.25-05.46.04:105][  0]LogSlate: Updating window title bar state: overlay mode, drag disabled, window buttons hidden, title bar hidden
[2019.06.25-05.46.04:112][  0]LogCollectionManager: Loaded 0 collections in 0.002025 seconds
[2019.06.25-05.46.04:123][  0]LogFileCache: Scanning file cache for directory '/home/afayed/Documents/Unreal Projects/ReMod3D/Saved/Collections/' took 0.00s
[2019.06.25-05.46.04:123][  0]LogFileCache: Scanning file cache for directory '/home/afayed/Documents/Unreal Projects/ReMod3D/Content/Developers/afayed/Collections/' took 0.00s
[2019.06.25-05.46.04:123][  0]LogFileCache: Scanning file cache for directory '/home/afayed/Documents/Unreal Projects/ReMod3D/Content/Collections/' took 0.00s
[2019.06.25-05.46.04:123][  0]LogContentBrowser: Native class hierarchy populated in 0.0086 seconds. Added 2716 classes and 625 folders.
[2019.06.25-05.46.04:125][  0]LogCollectionManager: Rebuilt the GUID cache for 0 collections in 0.000001 seconds
[2019.06.25-05.46.04:339][  0]LogContentBrowser: Native class hierarchy updated for 'WidgetCarousel' in 0.0006 seconds. Added 0 classes and 0 folders.
[2019.06.25-05.46.04:341][  0]LogPakFile: Registered encryption key '00000000000000000000000000000000': 0 pak files mounted, 0 remain pending
[2019.06.25-05.46.04:341][  0]LogPakFile: Registered encryption key '00000000000000000000000000000000': 0 pak files mounted, 0 remain pending
[2019.06.25-05.46.04:341][  0]LogPakFile: Registered encryption key '00000000000000000000000000000000': 0 pak files mounted, 0 remain pending
[2019.06.25-05.46.04:342][  0]LogPakFile: Registered encryption key '00000000000000000000000000000000': 0 pak files mounted, 0 remain pending
[2019.06.25-05.46.04:342][  0]LogPakFile: Registered encryption key '00000000000000000000000000000000': 0 pak files mounted, 0 remain pending
[2019.06.25-05.46.04:342][  0]LogPakFile: Registered encryption key '00000000000000000000000000000000': 0 pak files mounted, 0 remain pending
[2019.06.25-05.46.04:342][  0]LogPakFile: Registered encryption key '00000000000000000000000000000000': 0 pak files mounted, 0 remain pending
[2019.06.25-05.46.04:342][  0]LogPakFile: Registered encryption key '00000000000000000000000000000000': 0 pak files mounted, 0 remain pending
[2019.06.25-05.46.04:343][  0]LogPakFile: Registered encryption key '00000000000000000000000000000000': 0 pak files mounted, 0 remain pending
[2019.06.25-05.46.04:343][  0]LogPakFile: Registered encryption key '00000000000000000000000000000000': 0 pak files mounted, 0 remain pending
[2019.06.25-05.46.04:343][  0]LogPakFile: Registered encryption key '00000000000000000000000000000000': 0 pak files mounted, 0 remain pending
[2019.06.25-05.46.04:343][  0]LogPakFile: Registered encryption key '00000000000000000000000000000000': 0 pak files mounted, 0 remain pending
[2019.06.25-05.46.04:344][  0]LogPakFile: Registered encryption key '00000000000000000000000000000000': 0 pak files mounted, 0 remain pending
[2019.06.25-05.46.04:344][  0]LogPakFile: Registered encryption key '00000000000000000000000000000000': 0 pak files mounted, 0 remain pending
[2019.06.25-05.46.04:344][  0]LogPakFile: Registered encryption key '00000000000000000000000000000000': 0 pak files mounted, 0 remain pending
[2019.06.25-05.46.04:344][  0]LogPakFile: Registered encryption key '00000000000000000000000000000000': 0 pak files mounted, 0 remain pending
[2019.06.25-05.46.04:345][  0]LogPakFile: Registered encryption key '00000000000000000000000000000000': 0 pak files mounted, 0 remain pending
[2019.06.25-05.46.04:345][  0]LogPakFile: Registered encryption key '00000000000000000000000000000000': 0 pak files mounted, 0 remain pending
[2019.06.25-05.46.04:345][  0]LogPakFile: Registered encryption key '00000000000000000000000000000000': 0 pak files mounted, 0 remain pending
[2019.06.25-05.46.04:345][  0]LogPakFile: Registered encryption key '00000000000000000000000000000000': 0 pak files mounted, 0 remain pending
[2019.06.25-05.46.04:346][  0]LogPakFile: Registered encryption key '00000000000000000000000000000000': 0 pak files mounted, 0 remain pending
[2019.06.25-05.46.04:346][  0]LogPakFile: Registered encryption key '00000000000000000000000000000000': 0 pak files mounted, 0 remain pending
[2019.06.25-05.46.04:346][  0]LogPakFile: Registered encryption key '00000000000000000000000000000000': 0 pak files mounted, 0 remain pending
[2019.06.25-05.46.04:346][  0]LogPakFile: Registered encryption key '00000000000000000000000000000000': 0 pak files mounted, 0 remain pending
[2019.06.25-05.46.04:347][  0]LogPakFile: Registered encryption key '00000000000000000000000000000000': 0 pak files mounted, 0 remain pending
[2019.06.25-05.46.04:347][  0]LogPakFile: Registered encryption key '00000000000000000000000000000000': 0 pak files mounted, 0 remain pending
[2019.06.25-05.46.04:358][  0]LogContentBrowser: Native class hierarchy updated for 'AddContentDialog' in 0.0006 seconds. Added 0 classes and 0 folders.
[2019.06.25-05.46.04:467][  0]LogContentBrowser: Native class hierarchy updated for 'SceneOutliner' in 0.0006 seconds. Added 1 classes and 2 folders.
[2019.06.25-05.46.04:624][  0]LogContentBrowser: Native class hierarchy updated for 'HierarchicalLODOutliner' in 0.0007 seconds. Added 0 classes and 0 folders.
[2019.06.25-05.46.04:624][  0]LogLoad: (Engine Initialization) Total time: 32.51 seconds
[2019.06.25-05.46.04:624][  0]LogLoad: (Engine Initialization) Total Blueprint compile time: 0.00 seconds
[2019.06.25-05.46.04:635][  0]LogRHI: Using OpenGL program LRU cache: 0
[2019.06.25-05.46.04:635][  0]LogSlate: Took 0.000118 seconds to synchronously load lazily loaded font '../../../Engine/Content/Slate/Fonts/Roboto-Regular.ttf' (155K)
[2019.06.25-05.46.04:638][  0]LogSlate: Took 0.000152 seconds to synchronously load lazily loaded font '../../../Engine/Content/Slate/Fonts/Roboto-Bold.ttf' (160K)
[2019.06.25-05.46.04:645][  0]LogSlate: Took 0.000133 seconds to synchronously load lazily loaded font '../../../Engine/Content/Editor/Slate/Fonts/FontAwesome.ttf' (139K)
[2019.06.25-05.46.04:743][  0]LogInit: Adding external input plugin.
[2019.06.25-05.46.04:763][  0]LogAssetRegistry: Asset discovery search completed in 25.7362 seconds
[2019.06.25-05.46.04:766][  0]LogCollectionManager: Rebuilt the object cache for 0 collections in 0.000000 seconds (found 0 objects)
[2019.06.25-05.46.04:766][  0]LogCollectionManager: Fixed up redirectors for 0 collections in 0.000035 seconds (updated 0 objects)
[2019.06.25-05.46.04:767][  0]LogContentStreaming: Texture pool size now 1000 MB
[2019.06.25-05.46.04:779][  0]LogRenderer: Reallocating scene render targets to support 1168x584 Format 10 NumSamples 1 (Frame:1).
[2019.06.25-05.46.04:779][  0]LogSlate: Took 0.000078 seconds to synchronously load lazily loaded font '../../../Engine/Content/Slate/Fonts/Roboto-Light.ttf' (167K)
[2019.06.25-05.46.04:898][  2]LogLinux: Setting swap interval to 'Immediate'
[2019.06.25-05.46.07:072][259]LogLinux: Scale at X=960.000000, Y=540.000000: 1.000000 (monitor=#0, HDPI=96.000000 (horz scale: 1.000000), VDPI=96.000000 (vert scale: 1.000000))
[2019.06.25-05.46.12:418][830]LogEditorViewport: Clicking on Actor (LMB): SuperBotModule (SuperBotModule4)
[2019.06.25-05.46.13:697][912]LogSlate: Took 0.006047 seconds to synchronously load lazily loaded font '../../../Engine/Content/Slate/Fonts/Roboto-Italic.ttf' (157K)
[2019.06.25-05.46.13:712][912]LogLinux: Setting swap interval to 'Immediate'
[2019.06.25-05.55.56:207][985]LogLinux: Scale at X=65.000000, Y=24.000000: 1.000000 (monitor=#0, HDPI=96.000000 (horz scale: 1.000000), VDPI=96.000000 (vert scale: 1.000000))
[2019.06.25-05.55.56:207][985]LogLinux: Scale at X=960.000000, Y=540.000000: 1.000000 (monitor=#0, HDPI=96.000000 (horz scale: 1.000000), VDPI=96.000000 (vert scale: 1.000000))
[2019.06.25-05.55.56:207][985]LogLinux: Scale at X=960.000000, Y=540.000000: 1.000000 (monitor=#0, HDPI=96.000000 (horz scale: 1.000000), VDPI=96.000000 (vert scale: 1.000000))
[2019.06.25-05.55.56:229][985]LogSlate: Took 0.000060 seconds to synchronously load lazily loaded font '../../../Engine/Content/Slate/Fonts/Roboto-Light.ttf' (167K)
[2019.06.25-05.55.56:265][986]LogLinux: Setting swap interval to 'Immediate'
[2019.06.25-05.56.04:877][651]LogLinux: Scale at X=65.000000, Y=24.000000: 1.000000 (monitor=#0, HDPI=96.000000 (horz scale: 1.000000), VDPI=96.000000 (vert scale: 1.000000))
[2019.06.25-05.56.04:877][651]LogLinux: Scale at X=960.000000, Y=540.000000: 1.000000 (monitor=#0, HDPI=96.000000 (horz scale: 1.000000), VDPI=96.000000 (vert scale: 1.000000))
[2019.06.25-05.56.04:895][651]LogLinux: Scale at X=960.000000, Y=540.000000: 1.000000 (monitor=#0, HDPI=96.000000 (horz scale: 1.000000), VDPI=96.000000 (vert scale: 1.000000))
[2019.06.25-05.56.04:914][651]LogSlate: FSceneViewport::OnFocusLost() reason 2
[2019.06.25-05.56.04:942][651]LogLinux: Setting swap interval to 'Immediate'
[2019.06.25-05.56.04:980][651]LogUObjectHash: Compacting FUObjectHashTables data took   0.51ms
[2019.06.25-05.56.05:105][651]LogSavePackage: Moving '../../../../Documents/Unreal Projects/ReMod3D/Saved/CaterpillarTest_Auto1122836C508D6F8F7233030484BD884B6.tmp' to '../../../../Documents/Unreal Projects/ReMod3D/Saved/Autosaves/Game/Maps/CaterpillarTest_Auto1.umap'
[2019.06.25-05.56.05:107][651]LogFileHelpers: Editor autosave (incl. sublevels) for '/Game/Maps/CaterpillarTest' took 0.149
[2019.06.25-05.56.05:107][651]LogFileHelpers: Editor autosave (incl. sublevels) for all levels took 0.149
